[0117/004647.824:ERROR:process_memory_win.cc(73)] ReadMemory at 0x283c4ff3540 of 6656 bytes failed: Only part of a ReadProcessMemory or WriteProcessMemory request was completed. (0x12B)
[0117/004647.825:ERROR:process_snapshot_win.cc(322)] failed to read unloaded module data
[0117/004647.832:ERROR:process_memory_win.cc(73)] ReadMemory at 0x7ff731810000 of 64 bytes failed: Only part of a ReadProcessMemory or WriteProcessMemory request was completed. (0x12B)
[0117/004647.832:WARNING:pe_image_reader.cc(340)] could not read dos header from C:\Program Files (x86)\Google\Chrome\Application\chrome.exe
[0117/004647.832:ERROR:process_memory_win.cc(73)] ReadMemory at 0x7ff9ab2c0000 of 64 bytes failed: Only part of a ReadProcessMemory or WriteProcessMemory request was completed. (0x12B)
[0117/004647.871:WARNING:pe_image_reader.cc(340)] could not read dos header from C:\WINDOWS\SYSTEM32\ntdll.dll
[0117/004647.871:ERROR:process_memory_win.cc(73)] ReadMemory at 0x7ff9aaa00000 of 64 bytes failed: Only part of a ReadProcessMemory or WriteProcessMemory request was completed. (0x12B)
[0117/004647.871:WARNING:pe_image_reader.cc(340)] could not read dos header from C:\WINDOWS\System32\KERNEL32.DLL
[0117/004647.871:ERROR:process_memory_win.cc(73)] ReadMemory at 0x7ff9a8390000 of 64 bytes failed: Only part of a ReadProcessMemory or WriteProcessMemory request was completed. (0x12B)
[0117/004647.872:WARNING:pe_image_reader.cc(340)] could not read dos header from C:\WINDOWS\System32\KERNELBASE.dll
[0117/004647.872:ERROR:process_memory_win.cc(73)] ReadMemory at 0x7ff994a70000 of 64 bytes failed: Only part of a ReadProcessMemory or WriteProcessMemory request was completed. (0x12B)
[0117/004647.872:WARNING:pe_image_reader.cc(340)] could not read dos header from C:\Program Files (x86)\Google\Chrome\Application\79.0.3945.117\chrome_elf.dll
[0117/004647.872:ERROR:process_memory_win.cc(73)] ReadMemory at 0x7ff9a3970000 of 64 bytes failed: Only part of a ReadProcessMemory or WriteProcessMemory request was completed. (0x12B)
[0117/004647.872:WARNING:pe_image_reader.cc(340)] could not read dos header from C:\WINDOWS\SYSTEM32\VERSION.dll
[0117/004647.872:ERROR:process_memory_win.cc(73)] ReadMemory at 0x7ff9aa780000 of 64 bytes failed: Only part of a ReadProcessMemory or WriteProcessMemory request was completed. (0x12B)
[0117/004647.873:WARNING:pe_image_reader.cc(340)] could not read dos header from C:\WINDOWS\System32\msvcrt.dll
[0117/004647.873:ERROR:process_memory_win.cc(73)] ReadMemory at 0x7ff9a8640000 of 64 bytes failed: Only part of a ReadProcessMemory or WriteProcessMemory request was completed. (0x12B)
[0117/004647.873:WARNING:pe_image_reader.cc(340)] could not read dos header from C:\WINDOWS\System32\bcryptPrimitives.dll
[0117/004647.874:ERROR:process_memory_win.cc(73)] ReadMemory at 0x7ff9a95e0000 of 64 bytes failed: Only part of a ReadProcessMemory or WriteProcessMemory request was completed. (0x12B)
[0117/004647.874:WARNING:pe_image_reader.cc(340)] could not read dos header from C:\WINDOWS\System32\ADVAPI32.dll
[0117/004647.874:ERROR:process_memory_win.cc(73)] ReadMemory at 0x7ff9aa820000 of 64 bytes failed: Only part of a ReadProcessMemory or WriteProcessMemory request was completed. (0x12B)
[0117/004647.874:WARNING:pe_image_reader.cc(340)] could not read dos header from C:\WINDOWS\System32\sechost.dll
[0117/004647.874:ERROR:process_memory_win.cc(73)] ReadMemory at 0x7ff9aafd0000 of 64 bytes failed: Only part of a ReadProcessMemory or WriteProcessMemory request was completed. (0x12B)
[0117/004647.874:WARNING:pe_image_reader.cc(340)] could not read dos header from C:\WINDOWS\System32\RPCRT4.dll
[0117/004647.874:ERROR:process_memory_win.cc(73)] ReadMemory at 0x7ff959860000 of 64 bytes failed: Only part of a ReadProcessMemory or WriteProcessMemory request was completed. (0x12B)
[0117/004647.874:WARNING:pe_image_reader.cc(340)] could not read dos header from C:\Program Files (x86)\Google\Chrome\Application\79.0.3945.117\chrome_child.dll
[0117/004647.874:ERROR:process_memory_win.cc(73)] ReadMemory at 0x7ff9ab120000 of 64 bytes failed: Only part of a ReadProcessMemory or WriteProcessMemory request was completed. (0x12B)
[0117/004647.874:WARNING:pe_image_reader.cc(340)] could not read dos header from C:\WINDOWS\System32\OLEAUT32.dll
[0117/004647.874:ERROR:process_memory_win.cc(73)] ReadMemory at 0x7ff9a8ff0000 of 64 bytes failed: Only part of a ReadProcessMemory or WriteProcessMemory request was completed. (0x12B)
[0117/004647.874:WARNING:pe_image_reader.cc(340)] could not read dos header from C:\WINDOWS\System32\msvcp_win.dll
[0117/004647.874:ERROR:process_memory_win.cc(73)] ReadMemory at 0x7ff9a8220000 of 64 bytes failed: Only part of a ReadProcessMemory or WriteProcessMemory request was completed. (0x12B)
[0117/004647.874:WARNING:pe_image_reader.cc(340)] could not read dos header from C:\WINDOWS\System32\ucrtbase.dll
[0117/004647.874:ERROR:process_memory_win.cc(73)] ReadMemory at 0x283c5460000 of 64 bytes failed: Only part of a ReadProcessMemory or WriteProcessMemory request was completed. (0x12B)
[0117/004647.874:WARNING:pe_image_reader.cc(340)] could not read dos header from C:\WINDOWS\System32\combase.dll
[0117/004647.875:ERROR:process_memory_win.cc(73)] ReadMemory at 0x7ff9aa560000 of 64 bytes failed: Only part of a ReadProcessMemory or WriteProcessMemory request was completed. (0x12B)
[0117/004647.875:WARNING:pe_image_reader.cc(340)] could not read dos header from C:\WINDOWS\System32\WS2_32.dll
[0117/004647.875:ERROR:process_memory_win.cc(73)] ReadMemory at 0x7ff9a8e40000 of 64 bytes failed: Only part of a ReadProcessMemory or WriteProcessMemory request was completed. (0x12B)
[0117/004647.875:WARNING:pe_image_reader.cc(340)] could not read dos header from C:\WINDOWS\System32\WINTRUST.dll
[0117/004647.875:ERROR:process_memory_win.cc(73)] ReadMemory at 0x7ff9a8200000 of 64 bytes failed: Only part of a ReadProcessMemory or WriteProcessMemory request was completed. (0x12B)
[0117/004647.875:WARNING:pe_image_reader.cc(340)] could not read dos header from C:\WINDOWS\System32\MSASN1.dll
[0117/004647.875:ERROR:process_memory_win.cc(73)] ReadMemory at 0x7ff9a8ea0000 of 64 bytes failed: Only part of a ReadProcessMemory or WriteProcessMemory request was completed. (0x12B)
[0117/004647.875:WARNING:pe_image_reader.cc(340)] could not read dos header from C:\WINDOWS\System32\CRYPT32.dll
[0117/004647.875:ERROR:process_memory_win.cc(73)] ReadMemory at 0x7ff9a76e0000 of 64 bytes failed: Only part of a ReadProcessMemory or WriteProcessMemory request was completed. (0x12B)
[0117/004647.875:WARNING:pe_image_reader.cc(340)] could not read dos header from C:\WINDOWS\SYSTEM32\IPHLPAPI.DLL
[0117/004647.875:ERROR:process_memory_win.cc(73)] ReadMemory at 0x7ff99e970000 of 64 bytes failed: Only part of a ReadProcessMemory or WriteProcessMemory request was completed. (0x12B)
[0117/004647.875:WARNING:pe_image_reader.cc(340)] could not read dos header from C:\WINDOWS\SYSTEM32\WINMM.dll
[0117/004647.875:ERROR:process_memory_win.cc(73)] ReadMemory at 0x7ff9a8050000 of 64 bytes failed: Only part of a ReadProcessMemory or WriteProcessMemory request was completed. (0x12B)
[0117/004647.875:WARNING:pe_image_reader.cc(340)] could not read dos header from C:\WINDOWS\SYSTEM32\USERENV.dll
[0117/004647.875:ERROR:process_memory_win.cc(73)] ReadMemory at 0x7ff9a81c0000 of 64 bytes failed: Only part of a ReadProcessMemory or WriteProcessMemory request was completed. (0x12B)
[0117/004647.875:WARNING:pe_image_reader.cc(340)] could not read dos header from C:\WINDOWS\System32\profapi.dll
[0117/004647.875:ERROR:process_memory_win.cc(73)] ReadMemory at 0x7ff98a0d0000 of 64 bytes failed: Only part of a ReadProcessMemory or WriteProcessMemory request was completed. (0x12B)
[0117/004647.875:WARNING:pe_image_reader.cc(340)] could not read dos header from C:\WINDOWS\SYSTEM32\DWrite.dll
[0117/004647.875:ERROR:process_memory_win.cc(73)] ReadMemory at 0x7ff996c50000 of 64 bytes failed: Only part of a ReadProcessMemory or WriteProcessMemory request was completed. (0x12B)
[0117/004647.875:WARNING:pe_image_reader.cc(340)] could not read dos header from C:\WINDOWS\SYSTEM32\WINSPOOL.DRV
[0117/004647.875:ERROR:process_memory_win.cc(73)] ReadMemory at 0x7ff9a81e0000 of 64 bytes failed: Only part of a ReadProcessMemory or WriteProcessMemory request was completed. (0x12B)
[0117/004647.875:WARNING:pe_image_reader.cc(340)] could not read dos header from C:\WINDOWS\System32\kernel.appcore.dll
[0117/004647.875:ERROR:process_memory_win.cc(73)] ReadMemory at 0x7ff9a9170000 of 64 bytes failed: Only part of a ReadProcessMemory or WriteProcessMemory request was completed. (0x12B)
[0117/004647.875:WARNING:pe_image_reader.cc(340)] could not read dos header from C:\WINDOWS\System32\bcrypt.dll
[0117/004647.875:ERROR:process_memory_win.cc(73)] ReadMemory at 0x7ff9a0db0000 of 64 bytes failed: Only part of a ReadProcessMemory or WriteProcessMemory request was completed. (0x12B)
[0117/004647.875:WARNING:pe_image_reader.cc(340)] could not read dos header from C:\WINDOWS\SYSTEM32\dbghelp.dll
[0117/004647.875:ERROR:process_memory_win.cc(73)] ReadMemory at 0x7ff9972d0000 of 64 bytes failed: Only part of a ReadProcessMemory or WriteProcessMemory request was completed. (0x12B)
[0117/004647.875:WARNING:pe_image_reader.cc(340)] could not read dos header from C:\WINDOWS\SYSTEM32\Secur32.dll
[0117/004647.875:ERROR:process_memory_win.cc(73)] ReadMemory at 0x7ff9a2ca0000 of 64 bytes failed: Only part of a ReadProcessMemory or WriteProcessMemory request was completed. (0x12B)
[0117/004647.875:WARNING:pe_image_reader.cc(340)] could not read dos header from C:\WINDOWS\SYSTEM32\WINHTTP.dll
[0117/004647.875:ERROR:process_memory_win.cc(73)] ReadMemory at 0x7ff9a36c0000 of 64 bytes failed: Only part of a ReadProcessMemory or WriteProcessMemory request was completed. (0x12B)
[0117/004647.875:WARNING:pe_image_reader.cc(340)] could not read dos header from C:\WINDOWS\SYSTEM32\dhcpcsvc.DLL
[0117/004647.875:ERROR:process_memory_win.cc(73)] ReadMemory at 0x7ff9aa380000 of 64 bytes failed: Only part of a ReadProcessMemory or WriteProcessMemory request was completed. (0x12B)
[0117/004647.875:WARNING:pe_image_reader.cc(340)] could not read dos header from C:\WINDOWS\System32\NSI.dll
[0117/004647.875:ERROR:process_memory_win.cc(73)] ReadMemory at 0x7ff99e940000 of 64 bytes failed: Only part of a ReadProcessMemory or WriteProcessMemory request was completed. (0x12B)
[0117/004647.875:WARNING:pe_image_reader.cc(340)] could not read dos header from C:\WINDOWS\SYSTEM32\WINMMBASE.dll
[0117/004647.876:ERROR:process_memory_win.cc(73)] ReadMemory at 0x7ff9a8340000 of 64 bytes failed: Only part of a ReadProcessMemory or WriteProcessMemory request was completed. (0x12B)
[0117/004647.876:WARNING:pe_image_reader.cc(340)] could not read dos header from C:\WINDOWS\System32\cfgmgr32.dll
[0117/004647.876:ERROR:process_memory_win.cc(73)] ReadMemory at 0x7ff9a40e0000 of 64 bytes failed: Only part of a ReadProcessMemory or WriteProcessMemory request was completed. (0x12B)
[0117/004647.876:WARNING:pe_image_reader.cc(340)] could not read dos header from C:\WINDOWS\SYSTEM32\PROPSYS.dll
[0117/004647.876:ERROR:process_memory_win.cc(73)] ReadMemory at 0x7ff9a9340000 of 64 bytes failed: Only part of a ReadProcessMemory or WriteProcessMemory request was completed. (0x12B)
[0117/004647.876:WARNING:pe_image_reader.cc(340)] could not read dos header from C:\WINDOWS\System32\shcore.dll
[0117/004647.876:ERROR:process_memory_win.cc(73)] ReadMemory at 0x7ff9a8080000 of 64 bytes failed: Only part of a ReadProcessMemory or WriteProcessMemory request was completed. (0x12B)
[0117/004647.876:WARNING:pe_image_reader.cc(340)] could not read dos header from C:\WINDOWS\SYSTEM32\SSPICLI.DLL
[0117/004647.876:ERROR:process_memory_win.cc(73)] ReadMemory at 0x7ff9a7ba0000 of 64 bytes failed: Only part of a ReadProcessMemory or WriteProcessMemory request was completed. (0x12B)
[0117/004647.876:WARNING:pe_image_reader.cc(340)] could not read dos header from C:\WINDOWS\SYSTEM32\CRYPTBASE.DLL
[0117/004647.876:ERROR:process_memory_win.cc(73)] ReadMemory at 0x7ff731810000 of 64 bytes failed: Only part of a ReadProcessMemory or WriteProcessMemory request was completed. (0x12B)
[0117/004647.876:WARNING:pe_image_reader.cc(340)] could not read dos header from C:\Program Files (x86)\Google\Chrome\Application\chrome.exe
[0117/004647.876:ERROR:process_memory_win.cc(73)] ReadMemory at 0x7ff731810000 of 64 bytes failed: Only part of a ReadProcessMemory or WriteProcessMemory request was completed. (0x12B)
[0117/004647.876:WARNING:pe_image_reader.cc(340)] could not read dos header from C:\Program Files (x86)\Google\Chrome\Application\chrome.exe
[0117/004647.876:ERROR:process_memory_win.cc(73)] ReadMemory at 0x7ff9ab2c0000 of 64 bytes failed: Only part of a ReadProcessMemory or WriteProcessMemory request was completed. (0x12B)
[0117/004647.876:WARNING:pe_image_reader.cc(340)] could not read dos header from C:\WINDOWS\SYSTEM32\ntdll.dll
[0117/004647.876:ERROR:process_memory_win.cc(73)] ReadMemory at 0x7ff9ab2c0000 of 64 bytes failed: Only part of a ReadProcessMemory or WriteProcessMemory request was completed. (0x12B)
[0117/004647.876:WARNING:pe_image_reader.cc(340)] could not read dos header from C:\WINDOWS\SYSTEM32\ntdll.dll
[0117/004647.876:ERROR:process_memory_win.cc(73)] ReadMemory at 0x7ff9aaa00000 of 64 bytes failed: Only part of a ReadProcessMemory or WriteProcessMemory request was completed. (0x12B)
[0117/004647.876:WARNING:pe_image_reader.cc(340)] could not read dos header from C:\WINDOWS\System32\KERNEL32.DLL
[0117/004647.876:ERROR:process_memory_win.cc(73)] ReadMemory at 0x7ff9aaa00000 of 64 bytes failed: Only part of a ReadProcessMemory or WriteProcessMemory request was completed. (0x12B)
[0117/004647.876:WARNING:pe_image_reader.cc(340)] could not read dos header from C:\WINDOWS\System32\KERNEL32.DLL
[0117/004647.876:ERROR:process_memory_win.cc(73)] ReadMemory at 0x7ff9a8390000 of 64 bytes failed: Only part of a ReadProcessMemory or WriteProcessMemory request was completed. (0x12B)
[0117/004647.876:WARNING:pe_image_reader.cc(340)] could not read dos header from C:\WINDOWS\System32\KERNELBASE.dll
[0117/004647.876:ERROR:process_memory_win.cc(73)] ReadMemory at 0x7ff9a8390000 of 64 bytes failed: Only part of a ReadProcessMemory or WriteProcessMemory request was completed. (0x12B)
[0117/004647.876:WARNING:pe_image_reader.cc(340)] could not read dos header from C:\WINDOWS\System32\KERNELBASE.dll
[0117/004647.876:ERROR:process_memory_win.cc(73)] ReadMemory at 0x7ff994a70000 of 64 bytes failed: Only part of a ReadProcessMemory or WriteProcessMemory request was completed. (0x12B)
[0117/004647.876:WARNING:pe_image_reader.cc(340)] could not read dos header from C:\Program Files (x86)\Google\Chrome\Application\79.0.3945.117\chrome_elf.dll
[0117/004647.876:ERROR:process_memory_win.cc(73)] ReadMemory at 0x7ff994a70000 of 64 bytes failed: Only part of a ReadProcessMemory or WriteProcessMemory request was completed. (0x12B)
[0117/004647.876:WARNING:pe_image_reader.cc(340)] could not read dos header from C:\Program Files (x86)\Google\Chrome\Application\79.0.3945.117\chrome_elf.dll
[0117/004647.876:ERROR:process_memory_win.cc(73)] ReadMemory at 0x7ff9a3970000 of 64 bytes failed: Only part of a ReadProcessMemory or WriteProcessMemory request was completed. (0x12B)
[0117/004647.877:WARNING:pe_image_reader.cc(340)] could not read dos header from C:\WINDOWS\SYSTEM32\VERSION.dll
[0117/004647.877:ERROR:process_memory_win.cc(73)] ReadMemory at 0x7ff9a3970000 of 64 bytes failed: Only part of a ReadProcessMemory or WriteProcessMemory request was completed. (0x12B)
[0117/004647.877:WARNING:pe_image_reader.cc(340)] could not read dos header from C:\WINDOWS\SYSTEM32\VERSION.dll
[0117/004647.877:ERROR:process_memory_win.cc(73)] ReadMemory at 0x7ff9aa780000 of 64 bytes failed: Only part of a ReadProcessMemory or WriteProcessMemory request was completed. (0x12B)
[0117/004647.877:WARNING:pe_image_reader.cc(340)] could not read dos header from C:\WINDOWS\System32\msvcrt.dll
[0117/004647.877:ERROR:process_memory_win.cc(73)] ReadMemory at 0x7ff9aa780000 of 64 bytes failed: Only part of a ReadProcessMemory or WriteProcessMemory request was completed. (0x12B)
[0117/004647.877:WARNING:pe_image_reader.cc(340)] could not read dos header from C:\WINDOWS\System32\msvcrt.dll
[0117/004647.877:ERROR:process_memory_win.cc(73)] ReadMemory at 0x7ff9a8640000 of 64 bytes failed: Only part of a ReadProcessMemory or WriteProcessMemory request was completed. (0x12B)
[0117/004647.877:WARNING:pe_image_reader.cc(340)] could not read dos header from C:\WINDOWS\System32\bcryptPrimitives.dll
[0117/004647.877:ERROR:process_memory_win.cc(73)] ReadMemory at 0x7ff9a8640000 of 64 bytes failed: Only part of a ReadProcessMemory or WriteProcessMemory request was completed. (0x12B)
[0117/004647.877:WARNING:pe_image_reader.cc(340)] could not read dos header from C:\WINDOWS\System32\bcryptPrimitives.dll
[0117/004647.877:ERROR:process_memory_win.cc(73)] ReadMemory at 0x7ff9a95e0000 of 64 bytes failed: Only part of a ReadProcessMemory or WriteProcessMemory request was completed. (0x12B)
[0117/004647.877:WARNING:pe_image_reader.cc(340)] could not read dos header from C:\WINDOWS\System32\ADVAPI32.dll
[0117/004647.877:ERROR:process_memory_win.cc(73)] ReadMemory at 0x7ff9a95e0000 of 64 bytes failed: Only part of a ReadProcessMemory or WriteProcessMemory request was completed. (0x12B)
[0117/004647.877:WARNING:pe_image_reader.cc(340)] could not read dos header from C:\WINDOWS\System32\ADVAPI32.dll
[0117/004647.877:ERROR:process_memory_win.cc(73)] ReadMemory at 0x7ff9aa820000 of 64 bytes failed: Only part of a ReadProcessMemory or WriteProcessMemory request was completed. (0x12B)
[0117/004647.877:WARNING:pe_image_reader.cc(340)] could not read dos header from C:\WINDOWS\System32\sechost.dll
[0117/004647.877:ERROR:process_memory_win.cc(73)] ReadMemory at 0x7ff9aa820000 of 64 bytes failed: Only part of a ReadProcessMemory or WriteProcessMemory request was completed. (0x12B)
[0117/004647.877:WARNING:pe_image_reader.cc(340)] could not read dos header from C:\WINDOWS\System32\sechost.dll
[0117/004647.877:ERROR:process_memory_win.cc(73)] ReadMemory at 0x7ff9aafd0000 of 64 bytes failed: Only part of a ReadProcessMemory or WriteProcessMemory request was completed. (0x12B)
[0117/004647.877:WARNING:pe_image_reader.cc(340)] could not read dos header from C:\WINDOWS\System32\RPCRT4.dll
[0117/004647.877:ERROR:process_memory_win.cc(73)] ReadMemory at 0x7ff9aafd0000 of 64 bytes failed: Only part of a ReadProcessMemory or WriteProcessMemory request was completed. (0x12B)
[0117/004647.877:WARNING:pe_image_reader.cc(340)] could not read dos header from C:\WINDOWS\System32\RPCRT4.dll
[0117/004647.877:ERROR:process_memory_win.cc(73)] ReadMemory at 0x7ff959860000 of 64 bytes failed: Only part of a ReadProcessMemory or WriteProcessMemory request was completed. (0x12B)
[0117/004647.877:WARNING:pe_image_reader.cc(340)] could not read dos header from C:\Program Files (x86)\Google\Chrome\Application\79.0.3945.117\chrome_child.dll
[0117/004647.877:ERROR:process_memory_win.cc(73)] ReadMemory at 0x7ff959860000 of 64 bytes failed: Only part of a ReadProcessMemory or WriteProcessMemory request was completed. (0x12B)
[0117/004647.877:WARNING:pe_image_reader.cc(340)] could not read dos header from C:\Program Files (x86)\Google\Chrome\Application\79.0.3945.117\chrome_child.dll
[0117/004647.877:ERROR:process_memory_win.cc(73)] ReadMemory at 0x7ff9ab120000 of 64 bytes failed: Only part of a ReadProcessMemory or WriteProcessMemory request was completed. (0x12B)
[0117/004647.878:WARNING:pe_image_reader.cc(340)] could not read dos header from C:\WINDOWS\System32\OLEAUT32.dll
[0117/004647.878:ERROR:process_memory_win.cc(73)] ReadMemory at 0x7ff9ab120000 of 64 bytes failed: Only part of a ReadProcessMemory or WriteProcessMemory request was completed. (0x12B)
[0117/004647.878:WARNING:pe_image_reader.cc(340)] could not read dos header from C:\WINDOWS\System32\OLEAUT32.dll
[0117/004647.878:ERROR:process_memory_win.cc(73)] ReadMemory at 0x7ff9a8ff0000 of 64 bytes failed: Only part of a ReadProcessMemory or WriteProcessMemory request was completed. (0x12B)
[0117/004647.878:WARNING:pe_image_reader.cc(340)] could not read dos header from C:\WINDOWS\System32\msvcp_win.dll
[0117/004647.878:ERROR:process_memory_win.cc(73)] ReadMemory at 0x7ff9a8ff0000 of 64 bytes failed: Only part of a ReadProcessMemory or WriteProcessMemory request was completed. (0x12B)
[0117/004647.878:WARNING:pe_image_reader.cc(340)] could not read dos header from C:\WINDOWS\System32\msvcp_win.dll
[0117/004647.878:ERROR:process_memory_win.cc(73)] ReadMemory at 0x7ff9a8220000 of 64 bytes failed: Only part of a ReadProcessMemory or WriteProcessMemory request was completed. (0x12B)
[0117/004647.878:WARNING:pe_image_reader.cc(340)] could not read dos header from C:\WINDOWS\System32\ucrtbase.dll
[0117/004647.878:ERROR:process_memory_win.cc(73)] ReadMemory at 0x7ff9a8220000 of 64 bytes failed: Only part of a ReadProcessMemory or WriteProcessMemory request was completed. (0x12B)
[0117/004647.878:WARNING:pe_image_reader.cc(340)] could not read dos header from C:\WINDOWS\System32\ucrtbase.dll
[0117/004647.878:ERROR:process_memory_win.cc(73)] ReadMemory at 0x283c5460000 of 64 bytes failed: Only part of a ReadProcessMemory or WriteProcessMemory request was completed. (0x12B)
[0117/004647.878:WARNING:pe_image_reader.cc(340)] could not read dos header from C:\WINDOWS\System32\combase.dll
[0117/004647.878:ERROR:process_memory_win.cc(73)] ReadMemory at 0x283c5460000 of 64 bytes failed: Only part of a ReadProcessMemory or WriteProcessMemory request was completed. (0x12B)
[0117/004647.878:WARNING:pe_image_reader.cc(340)] could not read dos header from C:\WINDOWS\System32\combase.dll
[0117/004647.878:ERROR:process_memory_win.cc(73)] ReadMemory at 0x7ff9aa560000 of 64 bytes failed: Only part of a ReadProcessMemory or WriteProcessMemory request was completed. (0x12B)
[0117/004647.878:WARNING:pe_image_reader.cc(340)] could not read dos header from C:\WINDOWS\System32\WS2_32.dll
[0117/004647.878:ERROR:process_memory_win.cc(73)] ReadMemory at 0x7ff9aa560000 of 64 bytes failed: Only part of a ReadProcessMemory or WriteProcessMemory request was completed. (0x12B)
[0117/004647.878:WARNING:pe_image_reader.cc(340)] could not read dos header from C:\WINDOWS\System32\WS2_32.dll
[0117/004647.878:ERROR:process_memory_win.cc(73)] ReadMemory at 0x7ff9a8e40000 of 64 bytes failed: Only part of a ReadProcessMemory or WriteProcessMemory request was completed. (0x12B)
[0117/004647.878:WARNING:pe_image_reader.cc(340)] could not read dos header from C:\WINDOWS\System32\WINTRUST.dll
[0117/004647.878:ERROR:process_memory_win.cc(73)] ReadMemory at 0x7ff9a8e40000 of 64 bytes failed: Only part of a ReadProcessMemory or WriteProcessMemory request was completed. (0x12B)
[0117/004647.878:WARNING:pe_image_reader.cc(340)] could not read dos header from C:\WINDOWS\System32\WINTRUST.dll
[0117/004647.878:ERROR:process_memory_win.cc(73)] ReadMemory at 0x7ff9a8200000 of 64 bytes failed: Only part of a ReadProcessMemory or WriteProcessMemory request was completed. (0x12B)
[0117/004647.878:WARNING:pe_image_reader.cc(340)] could not read dos header from C:\WINDOWS\System32\MSASN1.dll
[0117/004647.878:ERROR:process_memory_win.cc(73)] ReadMemory at 0x7ff9a8200000 of 64 bytes failed: Only part of a ReadProcessMemory or WriteProcessMemory request was completed. (0x12B)
[0117/004647.878:WARNING:pe_image_reader.cc(340)] could not read dos header from C:\WINDOWS\System32\MSASN1.dll
[0117/004647.878:ERROR:process_memory_win.cc(73)] ReadMemory at 0x7ff9a8ea0000 of 64 bytes failed: Only part of a ReadProcessMemory or WriteProcessMemory request was completed. (0x12B)
[0117/004647.878:WARNING:pe_image_reader.cc(340)] could not read dos header from C:\WINDOWS\System32\CRYPT32.dll
[0117/004647.878:ERROR:process_memory_win.cc(73)] ReadMemory at 0x7ff9a8ea0000 of 64 bytes failed: Only part of a ReadProcessMemory or WriteProcessMemory request was completed. (0x12B)
[0117/004647.879:WARNING:pe_image_reader.cc(340)] could not read dos header from C:\WINDOWS\System32\CRYPT32.dll
[0117/004647.879:ERROR:process_memory_win.cc(73)] ReadMemory at 0x7ff9a76e0000 of 64 bytes failed: Only part of a ReadProcessMemory or WriteProcessMemory request was completed. (0x12B)
[0117/004647.879:WARNING:pe_image_reader.cc(340)] could not read dos header from C:\WINDOWS\SYSTEM32\IPHLPAPI.DLL
[0117/004647.879:ERROR:process_memory_win.cc(73)] ReadMemory at 0x7ff9a76e0000 of 64 bytes failed: Only part of a ReadProcessMemory or WriteProcessMemory request was completed. (0x12B)
[0117/004647.879:WARNING:pe_image_reader.cc(340)] could not read dos header from C:\WINDOWS\SYSTEM32\IPHLPAPI.DLL
[0117/004647.879:ERROR:process_memory_win.cc(73)] ReadMemory at 0x7ff99e970000 of 64 bytes failed: Only part of a ReadProcessMemory or WriteProcessMemory request was completed. (0x12B)
[0117/004647.879:WARNING:pe_image_reader.cc(340)] could not read dos header from C:\WINDOWS\SYSTEM32\WINMM.dll
[0117/004647.879:ERROR:process_memory_win.cc(73)] ReadMemory at 0x7ff99e970000 of 64 bytes failed: Only part of a ReadProcessMemory or WriteProcessMemory request was completed. (0x12B)
[0117/004647.879:WARNING:pe_image_reader.cc(340)] could not read dos header from C:\WINDOWS\SYSTEM32\WINMM.dll
[0117/004647.879:ERROR:process_memory_win.cc(73)] ReadMemory at 0x7ff9a8050000 of 64 bytes failed: Only part of a ReadProcessMemory or WriteProcessMemory request was completed. (0x12B)
[0117/004647.879:WARNING:pe_image_reader.cc(340)] could not read dos header from C:\WINDOWS\SYSTEM32\USERENV.dll
[0117/004647.879:ERROR:process_memory_win.cc(73)] ReadMemory at 0x7ff9a8050000 of 64 bytes failed: Only part of a ReadProcessMemory or WriteProcessMemory request was completed. (0x12B)
[0117/004647.879:WARNING:pe_image_reader.cc(340)] could not read dos header from C:\WINDOWS\SYSTEM32\USERENV.dll
[0117/004647.879:ERROR:process_memory_win.cc(73)] ReadMemory at 0x7ff9a81c0000 of 64 bytes failed: Only part of a ReadProcessMemory or WriteProcessMemory request was completed. (0x12B)
[0117/004647.879:WARNING:pe_image_reader.cc(340)] could not read dos header from C:\WINDOWS\System32\profapi.dll
[0117/004647.879:ERROR:process_memory_win.cc(73)] ReadMemory at 0x7ff9a81c0000 of 64 bytes failed: Only part of a ReadProcessMemory or WriteProcessMemory request was completed. (0x12B)
[0117/004647.879:WARNING:pe_image_reader.cc(340)] could not read dos header from C:\WINDOWS\System32\profapi.dll
[0117/004647.879:ERROR:process_memory_win.cc(73)] ReadMemory at 0x7ff98a0d0000 of 64 bytes failed: Only part of a ReadProcessMemory or WriteProcessMemory request was completed. (0x12B)
[0117/004647.879:WARNING:pe_image_reader.cc(340)] could not read dos header from C:\WINDOWS\SYSTEM32\DWrite.dll
[0117/004647.879:ERROR:process_memory_win.cc(73)] ReadMemory at 0x7ff98a0d0000 of 64 bytes failed: Only part of a ReadProcessMemory or WriteProcessMemory request was completed. (0x12B)
[0117/004647.879:WARNING:pe_image_reader.cc(340)] could not read dos header from C:\WINDOWS\SYSTEM32\DWrite.dll
[0117/004647.879:ERROR:process_memory_win.cc(73)] ReadMemory at 0x7ff996c50000 of 64 bytes failed: Only part of a ReadProcessMemory or WriteProcessMemory request was completed. (0x12B)
[0117/004647.879:WARNING:pe_image_reader.cc(340)] could not read dos header from C:\WINDOWS\SYSTEM32\WINSPOOL.DRV
[0117/004647.879:ERROR:process_memory_win.cc(73)] ReadMemory at 0x7ff996c50000 of 64 bytes failed: Only part of a ReadProcessMemory or WriteProcessMemory request was completed. (0x12B)
[0117/004647.879:WARNING:pe_image_reader.cc(340)] could not read dos header from C:\WINDOWS\SYSTEM32\WINSPOOL.DRV
[0117/004647.879:ERROR:process_memory_win.cc(73)] ReadMemory at 0x7ff9a81e0000 of 64 bytes failed: Only part of a ReadProcessMemory or WriteProcessMemory request was completed. (0x12B)
[0117/004647.879:WARNING:pe_image_reader.cc(340)] could not read dos header from C:\WINDOWS\System32\kernel.appcore.dll
[0117/004647.879:ERROR:process_memory_win.cc(73)] ReadMemory at 0x7ff9a81e0000 of 64 bytes failed: Only part of a ReadProcessMemory or WriteProcessMemory request was completed. (0x12B)
[0117/004647.879:WARNING:pe_image_reader.cc(340)] could not read dos header from C:\WINDOWS\System32\kernel.appcore.dll
[0117/004647.879:ERROR:process_memory_win.cc(73)] ReadMemory at 0x7ff9a9170000 of 64 bytes failed: Only part of a ReadProcessMemory or WriteProcessMemory request was completed. (0x12B)
[0117/004647.879:WARNING:pe_image_reader.cc(340)] could not read dos header from C:\WINDOWS\System32\bcrypt.dll
[0117/004647.880:ERROR:process_memory_win.cc(73)] ReadMemory at 0x7ff9a9170000 of 64 bytes failed: Only part of a ReadProcessMemory or WriteProcessMemory request was completed. (0x12B)
[0117/004647.880:WARNING:pe_image_reader.cc(340)] could not read dos header from C:\WINDOWS\System32\bcrypt.dll
[0117/004647.880:ERROR:process_memory_win.cc(73)] ReadMemory at 0x7ff9a0db0000 of 64 bytes failed: Only part of a ReadProcessMemory or WriteProcessMemory request was completed. (0x12B)
[0117/004647.880:WARNING:pe_image_reader.cc(340)] could not read dos header from C:\WINDOWS\SYSTEM32\dbghelp.dll
[0117/004647.880:ERROR:process_memory_win.cc(73)] ReadMemory at 0x7ff9a0db0000 of 64 bytes failed: Only part of a ReadProcessMemory or WriteProcessMemory request was completed. (0x12B)
[0117/004647.880:WARNING:pe_image_reader.cc(340)] could not read dos header from C:\WINDOWS\SYSTEM32\dbghelp.dll
[0117/004647.880:ERROR:process_memory_win.cc(73)] ReadMemory at 0x7ff9972d0000 of 64 bytes failed: Only part of a ReadProcessMemory or WriteProcessMemory request was completed. (0x12B)
[0117/004647.880:WARNING:pe_image_reader.cc(340)] could not read dos header from C:\WINDOWS\SYSTEM32\Secur32.dll
[0117/004647.880:ERROR:process_memory_win.cc(73)] ReadMemory at 0x7ff9972d0000 of 64 bytes failed: Only part of a ReadProcessMemory or WriteProcessMemory request was completed. (0x12B)
[0117/004647.880:WARNING:pe_image_reader.cc(340)] could not read dos header from C:\WINDOWS\SYSTEM32\Secur32.dll
[0117/004647.880:ERROR:process_memory_win.cc(73)] ReadMemory at 0x7ff9a2ca0000 of 64 bytes failed: Only part of a ReadProcessMemory or WriteProcessMemory request was completed. (0x12B)
[0117/004647.880:WARNING:pe_image_reader.cc(340)] could not read dos header from C:\WINDOWS\SYSTEM32\WINHTTP.dll
[0117/004647.880:ERROR:process_memory_win.cc(73)] ReadMemory at 0x7ff9a2ca0000 of 64 bytes failed: Only part of a ReadProcessMemory or WriteProcessMemory request was completed. (0x12B)
[0117/004647.880:WARNING:pe_image_reader.cc(340)] could not read dos header from C:\WINDOWS\SYSTEM32\WINHTTP.dll
[0117/004647.880:ERROR:process_memory_win.cc(73)] ReadMemory at 0x7ff9a36c0000 of 64 bytes failed: Only part of a ReadProcessMemory or WriteProcessMemory request was completed. (0x12B)
[0117/004647.880:WARNING:pe_image_reader.cc(340)] could not read dos header from C:\WINDOWS\SYSTEM32\dhcpcsvc.DLL
[0117/004647.880:ERROR:process_memory_win.cc(73)] ReadMemory at 0x7ff9a36c0000 of 64 bytes failed: Only part of a ReadProcessMemory or WriteProcessMemory request was completed. (0x12B)
[0117/004647.880:WARNING:pe_image_reader.cc(340)] could not read dos header from C:\WINDOWS\SYSTEM32\dhcpcsvc.DLL
[0117/004647.880:ERROR:process_memory_win.cc(73)] ReadMemory at 0x7ff9aa380000 of 64 bytes failed: Only part of a ReadProcessMemory or WriteProcessMemory request was completed. (0x12B)
[0117/004647.880:WARNING:pe_image_reader.cc(340)] could not read dos header from C:\WINDOWS\System32\NSI.dll
[0117/004647.880:ERROR:process_memory_win.cc(73)] ReadMemory at 0x7ff9aa380000 of 64 bytes failed: Only part of a ReadProcessMemory or WriteProcessMemory request was completed. (0x12B)
[0117/004647.880:WARNING:pe_image_reader.cc(340)] could not read dos header from C:\WINDOWS\System32\NSI.dll
[0117/004647.880:ERROR:process_memory_win.cc(73)] ReadMemory at 0x7ff99e940000 of 64 bytes failed: Only part of a ReadProcessMemory or WriteProcessMemory request was completed. (0x12B)
[0117/004647.880:WARNING:pe_image_reader.cc(340)] could not read dos header from C:\WINDOWS\SYSTEM32\WINMMBASE.dll
[0117/004647.880:ERROR:process_memory_win.cc(73)] ReadMemory at 0x7ff99e940000 of 64 bytes failed: Only part of a ReadProcessMemory or WriteProcessMemory request was completed. (0x12B)
[0117/004647.880:WARNING:pe_image_reader.cc(340)] could not read dos header from C:\WINDOWS\SYSTEM32\WINMMBASE.dll
[0117/004647.880:ERROR:process_memory_win.cc(73)] ReadMemory at 0x7ff9a8340000 of 64 bytes failed: Only part of a ReadProcessMemory or WriteProcessMemory request was completed. (0x12B)
[0117/004647.880:WARNING:pe_image_reader.cc(340)] could not read dos header from C:\WINDOWS\System32\cfgmgr32.dll
[0117/004647.880:ERROR:process_memory_win.cc(73)] ReadMemory at 0x7ff9a8340000 of 64 bytes failed: Only part of a ReadProcessMemory or WriteProcessMemory request was completed. (0x12B)
[0117/004647.880:WARNING:pe_image_reader.cc(340)] could not read dos header from C:\WINDOWS\System32\cfgmgr32.dll
[0117/004647.880:ERROR:process_memory_win.cc(73)] ReadMemory at 0x7ff9a40e0000 of 64 bytes failed: Only part of a ReadProcessMemory or WriteProcessMemory request was completed. (0x12B)
[0117/004647.880:WARNING:pe_image_reader.cc(340)] could not read dos header from C:\WINDOWS\SYSTEM32\PROPSYS.dll
[0117/004647.880:ERROR:process_memory_win.cc(73)] ReadMemory at 0x7ff9a40e0000 of 64 bytes failed: Only part of a ReadProcessMemory or WriteProcessMemory request was completed. (0x12B)
[0117/004647.880:WARNING:pe_image_reader.cc(340)] could not read dos header from C:\WINDOWS\SYSTEM32\PROPSYS.dll
[0117/004647.880:ERROR:process_memory_win.cc(73)] ReadMemory at 0x7ff9a9340000 of 64 bytes failed: Only part of a ReadProcessMemory or WriteProcessMemory request was completed. (0x12B)
[0117/004647.880:WARNING:pe_image_reader.cc(340)] could not read dos header from C:\WINDOWS\System32\shcore.dll
[0117/004647.880:ERROR:process_memory_win.cc(73)] ReadMemory at 0x7ff9a9340000 of 64 bytes failed: Only part of a ReadProcessMemory or WriteProcessMemory request was completed. (0x12B)
[0117/004647.880:WARNING:pe_image_reader.cc(340)] could not read dos header from C:\WINDOWS\System32\shcore.dll
[0117/004647.880:ERROR:process_memory_win.cc(73)] ReadMemory at 0x7ff9a8080000 of 64 bytes failed: Only part of a ReadProcessMemory or WriteProcessMemory request was completed. (0x12B)
[0117/004647.880:WARNING:pe_image_reader.cc(340)] could not read dos header from C:\WINDOWS\SYSTEM32\SSPICLI.DLL
[0117/004647.881:ERROR:process_memory_win.cc(73)] ReadMemory at 0x7ff9a8080000 of 64 bytes failed: Only part of a ReadProcessMemory or WriteProcessMemory request was completed. (0x12B)
[0117/004647.881:WARNING:pe_image_reader.cc(340)] could not read dos header from C:\WINDOWS\SYSTEM32\SSPICLI.DLL
[0117/004647.881:ERROR:process_memory_win.cc(73)] ReadMemory at 0x7ff9a7ba0000 of 64 bytes failed: Only part of a ReadProcessMemory or WriteProcessMemory request was completed. (0x12B)
[0117/004647.881:WARNING:pe_image_reader.cc(340)] could not read dos header from C:\WINDOWS\SYSTEM32\CRYPTBASE.DLL
[0117/004647.881:ERROR:process_memory_win.cc(73)] ReadMemory at 0x7ff9a7ba0000 of 64 bytes failed: Only part of a ReadProcessMemory or WriteProcessMemory request was completed. (0x12B)
[0117/004647.881:WARNING:pe_image_reader.cc(340)] could not read dos header from C:\WINDOWS\SYSTEM32\CRYPTBASE.DLL
[0117/004647.933:ERROR:process_memory_win.cc(73)] ReadMemory at 0x7ff731810000 of 64 bytes failed: Only part of a ReadProcessMemory or WriteProcessMemory request was completed. (0x12B)
[0117/004647.933:WARNING:pe_image_reader.cc(340)] could not read dos header from C:\Program Files (x86)\Google\Chrome\Application\chrome.exe
[0117/004647.933:ERROR:process_memory_win.cc(73)] ReadMemory at 0x7ff9ab2c0000 of 64 bytes failed: Only part of a ReadProcessMemory or WriteProcessMemory request was completed. (0x12B)
[0117/004647.933:WARNING:pe_image_reader.cc(340)] could not read dos header from C:\WINDOWS\SYSTEM32\ntdll.dll
[0117/004647.933:ERROR:process_memory_win.cc(73)] ReadMemory at 0x7ff9aaa00000 of 64 bytes failed: Only part of a ReadProcessMemory or WriteProcessMemory request was completed. (0x12B)
[0117/004647.933:WARNING:pe_image_reader.cc(340)] could not read dos header from C:\WINDOWS\System32\KERNEL32.DLL
[0117/004647.933:ERROR:process_memory_win.cc(73)] ReadMemory at 0x7ff9a8390000 of 64 bytes failed: Only part of a ReadProcessMemory or WriteProcessMemory request was completed. (0x12B)
[0117/004647.933:WARNING:pe_image_reader.cc(340)] could not read dos header from C:\WINDOWS\System32\KERNELBASE.dll
[0117/004647.933:ERROR:process_memory_win.cc(73)] ReadMemory at 0x7ff994a70000 of 64 bytes failed: Only part of a ReadProcessMemory or WriteProcessMemory request was completed. (0x12B)
[0117/004647.933:WARNING:pe_image_reader.cc(340)] could not read dos header from C:\Program Files (x86)\Google\Chrome\Application\79.0.3945.117\chrome_elf.dll
[0117/004647.933:ERROR:process_memory_win.cc(73)] ReadMemory at 0x7ff9a3970000 of 64 bytes failed: Only part of a ReadProcessMemory or WriteProcessMemory request was completed. (0x12B)
[0117/004647.933:WARNING:pe_image_reader.cc(340)] could not read dos header from C:\WINDOWS\SYSTEM32\VERSION.dll
[0117/004647.933:ERROR:process_memory_win.cc(73)] ReadMemory at 0x7ff9aa780000 of 64 bytes failed: Only part of a ReadProcessMemory or WriteProcessMemory request was completed. (0x12B)
[0117/004647.933:WARNING:pe_image_reader.cc(340)] could not read dos header from C:\WINDOWS\System32\msvcrt.dll
[0117/004647.933:ERROR:process_memory_win.cc(73)] ReadMemory at 0x7ff9a8640000 of 64 bytes failed: Only part of a ReadProcessMemory or WriteProcessMemory request was completed. (0x12B)
[0117/004647.933:WARNING:pe_image_reader.cc(340)] could not read dos header from C:\WINDOWS\System32\bcryptPrimitives.dll
[0117/004647.933:ERROR:process_memory_win.cc(73)] ReadMemory at 0x7ff9a95e0000 of 64 bytes failed: Only part of a ReadProcessMemory or WriteProcessMemory request was completed. (0x12B)
[0117/004647.933:WARNING:pe_image_reader.cc(340)] could not read dos header from C:\WINDOWS\System32\ADVAPI32.dll
[0117/004647.933:ERROR:process_memory_win.cc(73)] ReadMemory at 0x7ff9aa820000 of 64 bytes failed: Only part of a ReadProcessMemory or WriteProcessMemory request was completed. (0x12B)
[0117/004647.933:WARNING:pe_image_reader.cc(340)] could not read dos header from C:\WINDOWS\System32\sechost.dll
[0117/004647.933:ERROR:process_memory_win.cc(73)] ReadMemory at 0x7ff9aafd0000 of 64 bytes failed: Only part of a ReadProcessMemory or WriteProcessMemory request was completed. (0x12B)
[0117/004647.933:WARNING:pe_image_reader.cc(340)] could not read dos header from C:\WINDOWS\System32\RPCRT4.dll
[0117/004647.933:ERROR:process_memory_win.cc(73)] ReadMemory at 0x7ff959860000 of 64 bytes failed: Only part of a ReadProcessMemory or WriteProcessMemory request was completed. (0x12B)
[0117/004647.934:WARNING:pe_image_reader.cc(340)] could not read dos header from C:\Program Files (x86)\Google\Chrome\Application\79.0.3945.117\chrome_child.dll
[0117/004647.934:ERROR:process_memory_win.cc(73)] ReadMemory at 0x7ff9ab120000 of 64 bytes failed: Only part of a ReadProcessMemory or WriteProcessMemory request was completed. (0x12B)
[0117/004647.934:WARNING:pe_image_reader.cc(340)] could not read dos header from C:\WINDOWS\System32\OLEAUT32.dll
[0117/004647.934:ERROR:process_memory_win.cc(73)] ReadMemory at 0x7ff9a8ff0000 of 64 bytes failed: Only part of a ReadProcessMemory or WriteProcessMemory request was completed. (0x12B)
[0117/004647.934:WARNING:pe_image_reader.cc(340)] could not read dos header from C:\WINDOWS\System32\msvcp_win.dll
[0117/004647.934:ERROR:process_memory_win.cc(73)] ReadMemory at 0x7ff9a8220000 of 64 bytes failed: Only part of a ReadProcessMemory or WriteProcessMemory request was completed. (0x12B)
[0117/004647.934:WARNING:pe_image_reader.cc(340)] could not read dos header from C:\WINDOWS\System32\ucrtbase.dll
[0117/004647.934:ERROR:process_memory_win.cc(73)] ReadMemory at 0x283c5460000 of 64 bytes failed: Only part of a ReadProcessMemory or WriteProcessMemory request was completed. (0x12B)
[0117/004647.934:WARNING:pe_image_reader.cc(340)] could not read dos header from C:\WINDOWS\System32\combase.dll
[0117/004647.934:ERROR:process_memory_win.cc(73)] ReadMemory at 0x7ff9aa560000 of 64 bytes failed: Only part of a ReadProcessMemory or WriteProcessMemory request was completed. (0x12B)
[0117/004647.934:WARNING:pe_image_reader.cc(340)] could not read dos header from C:\WINDOWS\System32\WS2_32.dll
[0117/004647.934:ERROR:process_memory_win.cc(73)] ReadMemory at 0x7ff9a8e40000 of 64 bytes failed: Only part of a ReadProcessMemory or WriteProcessMemory request was completed. (0x12B)
[0117/004647.934:WARNING:pe_image_reader.cc(340)] could not read dos header from C:\WINDOWS\System32\WINTRUST.dll
[0117/004647.934:ERROR:process_memory_win.cc(73)] ReadMemory at 0x7ff9a8200000 of 64 bytes failed: Only part of a ReadProcessMemory or WriteProcessMemory request was completed. (0x12B)
[0117/004647.934:WARNING:pe_image_reader.cc(340)] could not read dos header from C:\WINDOWS\System32\MSASN1.dll
[0117/004647.934:ERROR:process_memory_win.cc(73)] ReadMemory at 0x7ff9a8ea0000 of 64 bytes failed: Only part of a ReadProcessMemory or WriteProcessMemory request was completed. (0x12B)
[0117/004647.934:WARNING:pe_image_reader.cc(340)] could not read dos header from C:\WINDOWS\System32\CRYPT32.dll
[0117/004647.934:ERROR:process_memory_win.cc(73)] ReadMemory at 0x7ff9a76e0000 of 64 bytes failed: Only part of a ReadProcessMemory or WriteProcessMemory request was completed. (0x12B)
[0117/004647.934:WARNING:pe_image_reader.cc(340)] could not read dos header from C:\WINDOWS\SYSTEM32\IPHLPAPI.DLL
[0117/004647.934:ERROR:process_memory_win.cc(73)] ReadMemory at 0x7ff99e970000 of 64 bytes failed: Only part of a ReadProcessMemory or WriteProcessMemory request was completed. (0x12B)
[0117/004647.934:WARNING:pe_image_reader.cc(340)] could not read dos header from C:\WINDOWS\SYSTEM32\WINMM.dll
[0117/004647.934:ERROR:process_memory_win.cc(73)] ReadMemory at 0x7ff9a8050000 of 64 bytes failed: Only part of a ReadProcessMemory or WriteProcessMemory request was completed. (0x12B)
[0117/004647.934:WARNING:pe_image_reader.cc(340)] could not read dos header from C:\WINDOWS\SYSTEM32\USERENV.dll
[0117/004647.934:ERROR:process_memory_win.cc(73)] ReadMemory at 0x7ff9a81c0000 of 64 bytes failed: Only part of a ReadProcessMemory or WriteProcessMemory request was completed. (0x12B)
[0117/004647.934:WARNING:pe_image_reader.cc(340)] could not read dos header from C:\WINDOWS\System32\profapi.dll
[0117/004647.934:ERROR:process_memory_win.cc(73)] ReadMemory at 0x7ff98a0d0000 of 64 bytes failed: Only part of a ReadProcessMemory or WriteProcessMemory request was completed. (0x12B)
[0117/004647.934:WARNING:pe_image_reader.cc(340)] could not read dos header from C:\WINDOWS\SYSTEM32\DWrite.dll
[0117/004647.934:ERROR:process_memory_win.cc(73)] ReadMemory at 0x7ff996c50000 of 64 bytes failed: Only part of a ReadProcessMemory or WriteProcessMemory request was completed. (0x12B)
[0117/004647.934:WARNING:pe_image_reader.cc(340)] could not read dos header from C:\WINDOWS\SYSTEM32\WINSPOOL.DRV
[0117/004647.934:ERROR:process_memory_win.cc(73)] ReadMemory at 0x7ff9a81e0000 of 64 bytes failed: Only part of a ReadProcessMemory or WriteProcessMemory request was completed. (0x12B)
[0117/004647.934:WARNING:pe_image_reader.cc(340)] could not read dos header from C:\WINDOWS\System32\kernel.appcore.dll
[0117/004647.934:ERROR:process_memory_win.cc(73)] ReadMemory at 0x7ff9a9170000 of 64 bytes failed: Only part of a ReadProcessMemory or WriteProcessMemory request was completed. (0x12B)
[0117/004647.934:WARNING:pe_image_reader.cc(340)] could not read dos header from C:\WINDOWS\System32\bcrypt.dll
[0117/004647.934:ERROR:process_memory_win.cc(73)] ReadMemory at 0x7ff9a0db0000 of 64 bytes failed: Only part of a ReadProcessMemory or WriteProcessMemory request was completed. (0x12B)
[0117/004647.934:WARNING:pe_image_reader.cc(340)] could not read dos header from C:\WINDOWS\SYSTEM32\dbghelp.dll
[0117/004647.934:ERROR:process_memory_win.cc(73)] ReadMemory at 0x7ff9972d0000 of 64 bytes failed: Only part of a ReadProcessMemory or WriteProcessMemory request was completed. (0x12B)
[0117/004647.934:WARNING:pe_image_reader.cc(340)] could not read dos header from C:\WINDOWS\SYSTEM32\Secur32.dll
[0117/004647.935:ERROR:process_memory_win.cc(73)] ReadMemory at 0x7ff9a2ca0000 of 64 bytes failed: Only part of a ReadProcessMemory or WriteProcessMemory request was completed. (0x12B)
[0117/004647.935:WARNING:pe_image_reader.cc(340)] could not read dos header from C:\WINDOWS\SYSTEM32\WINHTTP.dll
[0117/004647.935:ERROR:process_memory_win.cc(73)] ReadMemory at 0x7ff9a36c0000 of 64 bytes failed: Only part of a ReadProcessMemory or WriteProcessMemory request was completed. (0x12B)
[0117/004647.935:WARNING:pe_image_reader.cc(340)] could not read dos header from C:\WINDOWS\SYSTEM32\dhcpcsvc.DLL
[0117/004647.935:ERROR:process_memory_win.cc(73)] ReadMemory at 0x7ff9aa380000 of 64 bytes failed: Only part of a ReadProcessMemory or WriteProcessMemory request was completed. (0x12B)
[0117/004647.935:WARNING:pe_image_reader.cc(340)] could not read dos header from C:\WINDOWS\System32\NSI.dll
[0117/004647.935:ERROR:process_memory_win.cc(73)] ReadMemory at 0x7ff99e940000 of 64 bytes failed: Only part of a ReadProcessMemory or WriteProcessMemory request was completed. (0x12B)
[0117/004647.935:WARNING:pe_image_reader.cc(340)] could not read dos header from C:\WINDOWS\SYSTEM32\WINMMBASE.dll
[0117/004647.935:ERROR:process_memory_win.cc(73)] ReadMemory at 0x7ff9a8340000 of 64 bytes failed: Only part of a ReadProcessMemory or WriteProcessMemory request was completed. (0x12B)
[0117/004647.935:WARNING:pe_image_reader.cc(340)] could not read dos header from C:\WINDOWS\System32\cfgmgr32.dll
[0117/004647.935:ERROR:process_memory_win.cc(73)] ReadMemory at 0x7ff9a40e0000 of 64 bytes failed: Only part of a ReadProcessMemory or WriteProcessMemory request was completed. (0x12B)
[0117/004647.935:WARNING:pe_image_reader.cc(340)] could not read dos header from C:\WINDOWS\SYSTEM32\PROPSYS.dll
[0117/004647.935:ERROR:process_memory_win.cc(73)] ReadMemory at 0x7ff9a9340000 of 64 bytes failed: Only part of a ReadProcessMemory or WriteProcessMemory request was completed. (0x12B)
[0117/004647.935:WARNING:pe_image_reader.cc(340)] could not read dos header from C:\WINDOWS\System32\shcore.dll
[0117/004647.935:ERROR:process_memory_win.cc(73)] ReadMemory at 0x7ff9a8080000 of 64 bytes failed: Only part of a ReadProcessMemory or WriteProcessMemory request was completed. (0x12B)
[0117/004647.935:WARNING:pe_image_reader.cc(340)] could not read dos header from C:\WINDOWS\SYSTEM32\SSPICLI.DLL
[0117/004647.935:ERROR:process_memory_win.cc(73)] ReadMemory at 0x7ff9a7ba0000 of 64 bytes failed: Only part of a ReadProcessMemory or WriteProcessMemory request was completed. (0x12B)
[0117/004647.935:WARNING:pe_image_reader.cc(340)] could not read dos header from C:\WINDOWS\SYSTEM32\CRYPTBASE.DLL
[0117/004647.935:ERROR:process_memory_win.cc(73)] ReadMemory at 0x7ff731810000 of 64 bytes failed: Only part of a ReadProcessMemory or WriteProcessMemory request was completed. (0x12B)
[0117/004647.935:WARNING:pe_image_reader.cc(340)] could not read dos header from C:\Program Files (x86)\Google\Chrome\Application\chrome.exe
[0117/004647.935:ERROR:process_memory_win.cc(73)] ReadMemory at 0x7ff9ab2c0000 of 64 bytes failed: Only part of a ReadProcessMemory or WriteProcessMemory request was completed. (0x12B)
[0117/004647.935:WARNING:pe_image_reader.cc(340)] could not read dos header from C:\WINDOWS\SYSTEM32\ntdll.dll
[0117/004647.935:ERROR:process_memory_win.cc(73)] ReadMemory at 0x7ff9aaa00000 of 64 bytes failed: Only part of a ReadProcessMemory or WriteProcessMemory request was completed. (0x12B)
[0117/004647.935:WARNING:pe_image_reader.cc(340)] could not read dos header from C:\WINDOWS\System32\KERNEL32.DLL
[0117/004647.935:ERROR:process_memory_win.cc(73)] ReadMemory at 0x7ff9a8390000 of 64 bytes failed: Only part of a ReadProcessMemory or WriteProcessMemory request was completed. (0x12B)
[0117/004647.935:WARNING:pe_image_reader.cc(340)] could not read dos header from C:\WINDOWS\System32\KERNELBASE.dll
[0117/004647.935:ERROR:process_memory_win.cc(73)] ReadMemory at 0x7ff994a70000 of 64 bytes failed: Only part of a ReadProcessMemory or WriteProcessMemory request was completed. (0x12B)
[0117/004647.935:WARNING:pe_image_reader.cc(340)] could not read dos header from C:\Program Files (x86)\Google\Chrome\Application\79.0.3945.117\chrome_elf.dll
[0117/004647.935:ERROR:process_memory_win.cc(73)] ReadMemory at 0x7ff9a3970000 of 64 bytes failed: Only part of a ReadProcessMemory or WriteProcessMemory request was completed. (0x12B)
[0117/004647.935:WARNING:pe_image_reader.cc(340)] could not read dos header from C:\WINDOWS\SYSTEM32\VERSION.dll
[0117/004647.935:ERROR:process_memory_win.cc(73)] ReadMemory at 0x7ff9aa780000 of 64 bytes failed: Only part of a ReadProcessMemory or WriteProcessMemory request was completed. (0x12B)
[0117/004647.935:WARNING:pe_image_reader.cc(340)] could not read dos header from C:\WINDOWS\System32\msvcrt.dll
[0117/004647.935:ERROR:process_memory_win.cc(73)] ReadMemory at 0x7ff9a8640000 of 64 bytes failed: Only part of a ReadProcessMemory or WriteProcessMemory request was completed. (0x12B)
[0117/004647.935:WARNING:pe_image_reader.cc(340)] could not read dos header from C:\WINDOWS\System32\bcryptPrimitives.dll
[0117/004647.935:ERROR:process_memory_win.cc(73)] ReadMemory at 0x7ff9a95e0000 of 64 bytes failed: Only part of a ReadProcessMemory or WriteProcessMemory request was completed. (0x12B)
[0117/004647.935:WARNING:pe_image_reader.cc(340)] could not read dos header from C:\WINDOWS\System32\ADVAPI32.dll
[0117/004647.935:ERROR:process_memory_win.cc(73)] ReadMemory at 0x7ff9aa820000 of 64 bytes failed: Only part of a ReadProcessMemory or WriteProcessMemory request was completed. (0x12B)
[0117/004647.936:WARNING:pe_image_reader.cc(340)] could not read dos header from C:\WINDOWS\System32\sechost.dll
[0117/004647.936:ERROR:process_memory_win.cc(73)] ReadMemory at 0x7ff9aafd0000 of 64 bytes failed: Only part of a ReadProcessMemory or WriteProcessMemory request was completed. (0x12B)
[0117/004647.936:WARNING:pe_image_reader.cc(340)] could not read dos header from C:\WINDOWS\System32\RPCRT4.dll
[0117/004647.936:ERROR:process_memory_win.cc(73)] ReadMemory at 0x7ff959860000 of 64 bytes failed: Only part of a ReadProcessMemory or WriteProcessMemory request was completed. (0x12B)
[0117/004647.936:WARNING:pe_image_reader.cc(340)] could not read dos header from C:\Program Files (x86)\Google\Chrome\Application\79.0.3945.117\chrome_child.dll
[0117/004647.936:ERROR:process_memory_win.cc(73)] ReadMemory at 0x7ff9ab120000 of 64 bytes failed: Only part of a ReadProcessMemory or WriteProcessMemory request was completed. (0x12B)
[0117/004647.936:WARNING:pe_image_reader.cc(340)] could not read dos header from C:\WINDOWS\System32\OLEAUT32.dll
[0117/004647.936:ERROR:process_memory_win.cc(73)] ReadMemory at 0x7ff9a8ff0000 of 64 bytes failed: Only part of a ReadProcessMemory or WriteProcessMemory request was completed. (0x12B)
[0117/004647.936:WARNING:pe_image_reader.cc(340)] could not read dos header from C:\WINDOWS\System32\msvcp_win.dll
[0117/004647.936:ERROR:process_memory_win.cc(73)] ReadMemory at 0x7ff9a8220000 of 64 bytes failed: Only part of a ReadProcessMemory or WriteProcessMemory request was completed. (0x12B)
[0117/004647.936:WARNING:pe_image_reader.cc(340)] could not read dos header from C:\WINDOWS\System32\ucrtbase.dll
[0117/004647.936:ERROR:process_memory_win.cc(73)] ReadMemory at 0x283c5460000 of 64 bytes failed: Only part of a ReadProcessMemory or WriteProcessMemory request was completed. (0x12B)
[0117/004647.936:WARNING:pe_image_reader.cc(340)] could not read dos header from C:\WINDOWS\System32\combase.dll
[0117/004647.936:ERROR:process_memory_win.cc(73)] ReadMemory at 0x7ff9aa560000 of 64 bytes failed: Only part of a ReadProcessMemory or WriteProcessMemory request was completed. (0x12B)
[0117/004647.936:WARNING:pe_image_reader.cc(340)] could not read dos header from C:\WINDOWS\System32\WS2_32.dll
[0117/004647.936:ERROR:process_memory_win.cc(73)] ReadMemory at 0x7ff9a8e40000 of 64 bytes failed: Only part of a ReadProcessMemory or WriteProcessMemory request was completed. (0x12B)
[0117/004647.936:WARNING:pe_image_reader.cc(340)] could not read dos header from C:\WINDOWS\System32\WINTRUST.dll
[0117/004647.936:ERROR:process_memory_win.cc(73)] ReadMemory at 0x7ff9a8200000 of 64 bytes failed: Only part of a ReadProcessMemory or WriteProcessMemory request was completed. (0x12B)
[0117/004647.936:WARNING:pe_image_reader.cc(340)] could not read dos header from C:\WINDOWS\System32\MSASN1.dll
[0117/004647.936:ERROR:process_memory_win.cc(73)] ReadMemory at 0x7ff9a8ea0000 of 64 bytes failed: Only part of a ReadProcessMemory or WriteProcessMemory request was completed. (0x12B)
[0117/004647.936:WARNING:pe_image_reader.cc(340)] could not read dos header from C:\WINDOWS\System32\CRYPT32.dll
[0117/004647.936:ERROR:process_memory_win.cc(73)] ReadMemory at 0x7ff9a76e0000 of 64 bytes failed: Only part of a ReadProcessMemory or WriteProcessMemory request was completed. (0x12B)
[0117/004647.936:WARNING:pe_image_reader.cc(340)] could not read dos header from C:\WINDOWS\SYSTEM32\IPHLPAPI.DLL
[0117/004647.936:ERROR:process_memory_win.cc(73)] ReadMemory at 0x7ff99e970000 of 64 bytes failed: Only part of a ReadProcessMemory or WriteProcessMemory request was completed. (0x12B)
[0117/004647.936:WARNING:pe_image_reader.cc(340)] could not read dos header from C:\WINDOWS\SYSTEM32\WINMM.dll
[0117/004647.936:ERROR:process_memory_win.cc(73)] ReadMemory at 0x7ff9a8050000 of 64 bytes failed: Only part of a ReadProcessMemory or WriteProcessMemory request was completed. (0x12B)
[0117/004647.936:WARNING:pe_image_reader.cc(340)] could not read dos header from C:\WINDOWS\SYSTEM32\USERENV.dll
[0117/004647.936:ERROR:process_memory_win.cc(73)] ReadMemory at 0x7ff9a81c0000 of 64 bytes failed: Only part of a ReadProcessMemory or WriteProcessMemory request was completed. (0x12B)
[0117/004647.936:WARNING:pe_image_reader.cc(340)] could not read dos header from C:\WINDOWS\System32\profapi.dll
[0117/004647.936:ERROR:process_memory_win.cc(73)] ReadMemory at 0x7ff98a0d0000 of 64 bytes failed: Only part of a ReadProcessMemory or WriteProcessMemory request was completed. (0x12B)
[0117/004647.936:WARNING:pe_image_reader.cc(340)] could not read dos header from C:\WINDOWS\SYSTEM32\DWrite.dll
[0117/004647.936:ERROR:process_memory_win.cc(73)] ReadMemory at 0x7ff996c50000 of 64 bytes failed: Only part of a ReadProcessMemory or WriteProcessMemory request was completed. (0x12B)
[0117/004647.936:WARNING:pe_image_reader.cc(340)] could not read dos header from C:\WINDOWS\SYSTEM32\WINSPOOL.DRV
[0117/004647.936:ERROR:process_memory_win.cc(73)] ReadMemory at 0x7ff9a81e0000 of 64 bytes failed: Only part of a ReadProcessMemory or WriteProcessMemory request was completed. (0x12B)
[0117/004647.936:WARNING:pe_image_reader.cc(340)] could not read dos header from C:\WINDOWS\System32\kernel.appcore.dll
[0117/004647.936:ERROR:process_memory_win.cc(73)] ReadMemory at 0x7ff9a9170000 of 64 bytes failed: Only part of a ReadProcessMemory or WriteProcessMemory request was completed. (0x12B)
[0117/004647.936:WARNING:pe_image_reader.cc(340)] could not read dos header from C:\WINDOWS\System32\bcrypt.dll
[0117/004647.936:ERROR:process_memory_win.cc(73)] ReadMemory at 0x7ff9a0db0000 of 64 bytes failed: Only part of a ReadProcessMemory or WriteProcessMemory request was completed. (0x12B)
[0117/004647.936:WARNING:pe_image_reader.cc(340)] could not read dos header from C:\WINDOWS\SYSTEM32\dbghelp.dll
[0117/004647.937:ERROR:process_memory_win.cc(73)] ReadMemory at 0x7ff9972d0000 of 64 bytes failed: Only part of a ReadProcessMemory or WriteProcessMemory request was completed. (0x12B)
[0117/004647.937:WARNING:pe_image_reader.cc(340)] could not read dos header from C:\WINDOWS\SYSTEM32\Secur32.dll
[0117/004647.937:ERROR:process_memory_win.cc(73)] ReadMemory at 0x7ff9a2ca0000 of 64 bytes failed: Only part of a ReadProcessMemory or WriteProcessMemory request was completed. (0x12B)
[0117/004647.937:WARNING:pe_image_reader.cc(340)] could not read dos header from C:\WINDOWS\SYSTEM32\WINHTTP.dll
[0117/004647.937:ERROR:process_memory_win.cc(73)] ReadMemory at 0x7ff9a36c0000 of 64 bytes failed: Only part of a ReadProcessMemory or WriteProcessMemory request was completed. (0x12B)
[0117/004647.937:WARNING:pe_image_reader.cc(340)] could not read dos header from C:\WINDOWS\SYSTEM32\dhcpcsvc.DLL
[0117/004647.937:ERROR:process_memory_win.cc(73)] ReadMemory at 0x7ff9aa380000 of 64 bytes failed: Only part of a ReadProcessMemory or WriteProcessMemory request was completed. (0x12B)
[0117/004647.937:WARNING:pe_image_reader.cc(340)] could not read dos header from C:\WINDOWS\System32\NSI.dll
[0117/004647.937:ERROR:process_memory_win.cc(73)] ReadMemory at 0x7ff99e940000 of 64 bytes failed: Only part of a ReadProcessMemory or WriteProcessMemory request was completed. (0x12B)
[0117/004647.937:WARNING:pe_image_reader.cc(340)] could not read dos header from C:\WINDOWS\SYSTEM32\WINMMBASE.dll
[0117/004647.937:ERROR:process_memory_win.cc(73)] ReadMemory at 0x7ff9a8340000 of 64 bytes failed: Only part of a ReadProcessMemory or WriteProcessMemory request was completed. (0x12B)
[0117/004647.937:WARNING:pe_image_reader.cc(340)] could not read dos header from C:\WINDOWS\System32\cfgmgr32.dll
[0117/004647.937:ERROR:process_memory_win.cc(73)] ReadMemory at 0x7ff9a40e0000 of 64 bytes failed: Only part of a ReadProcessMemory or WriteProcessMemory request was completed. (0x12B)
[0117/004647.937:WARNING:pe_image_reader.cc(340)] could not read dos header from C:\WINDOWS\SYSTEM32\PROPSYS.dll
[0117/004647.937:ERROR:process_memory_win.cc(73)] ReadMemory at 0x7ff9a9340000 of 64 bytes failed: Only part of a ReadProcessMemory or WriteProcessMemory request was completed. (0x12B)
[0117/004647.937:WARNING:pe_image_reader.cc(340)] could not read dos header from C:\WINDOWS\System32\shcore.dll
[0117/004647.937:ERROR:process_memory_win.cc(73)] ReadMemory at 0x7ff9a8080000 of 64 bytes failed: Only part of a ReadProcessMemory or WriteProcessMemory request was completed. (0x12B)
[0117/004647.937:WARNING:pe_image_reader.cc(340)] could not read dos header from C:\WINDOWS\SYSTEM32\SSPICLI.DLL
[0117/004647.937:ERROR:process_memory_win.cc(73)] ReadMemory at 0x7ff9a7ba0000 of 64 bytes failed: Only part of a ReadProcessMemory or WriteProcessMemory request was completed. (0x12B)
[0117/004647.937:WARNING:pe_image_reader.cc(340)] could not read dos header from C:\WINDOWS\SYSTEM32\CRYPTBASE.DLL
[0117/004647.973:ERROR:process_memory_win.cc(73)] ReadMemory at 0xff9a7f0000 of 65536 bytes failed: Only part of a ReadProcessMemory or WriteProcessMemory request was completed. (0x12B)
[0117/004647.973:ERROR:process_memory_win.cc(73)] ReadMemory at 0xff9affd000 of 12288 bytes failed: Only part of a ReadProcessMemory or WriteProcessMemory request was completed. (0x12B)
[0117/004647.973:ERROR:process_memory_win.cc(73)] ReadMemory at 0xff9b7fc000 of 16384 bytes failed: Only part of a ReadProcessMemory or WriteProcessMemory request was completed. (0x12B)
[0117/004647.973:ERROR:process_memory_win.cc(73)] ReadMemory at 0xff9bffc000 of 16384 bytes failed: Only part of a ReadProcessMemory or WriteProcessMemory request was completed. (0x12B)
[0117/004647.973:ERROR:process_memory_win.cc(73)] ReadMemory at 0xff9c7fc000 of 16384 bytes failed: Only part of a ReadProcessMemory or WriteProcessMemory request was completed. (0x12B)
[0117/004647.973:ERROR:process_memory_win.cc(73)] ReadMemory at 0xff9cfff000 of 4096 bytes failed: Only part of a ReadProcessMemory or WriteProcessMemory request was completed. (0x12B)
[0117/004647.974:ERROR:process_memory_win.cc(73)] ReadMemory at 0xff9d7fd000 of 12288 bytes failed: Only part of a ReadProcessMemory or WriteProcessMemory request was completed. (0x12B)
[0117/004647.974:ERROR:process_memory_win.cc(73)] ReadMemory at 0xff9dffb000 of 20480 bytes failed: Only part of a ReadProcessMemory or WriteProcessMemory request was completed. (0x12B)
[0117/004647.974:ERROR:process_memory_win.cc(73)] ReadMemory at 0xff9e7fd000 of 12288 bytes failed: Only part of a ReadProcessMemory or WriteProcessMemory request was completed. (0x12B)
[0117/004647.974:ERROR:process_memory_win.cc(73)] ReadMemory at 0xff9effd000 of 12288 bytes failed: Only part of a ReadProcessMemory or WriteProcessMemory request was completed. (0x12B)
[0117/004647.974:ERROR:process_memory_win.cc(73)] ReadMemory at 0xff9f7fd000 of 12288 bytes failed: Only part of a ReadProcessMemory or WriteProcessMemory request was completed. (0x12B)
[0117/004647.974:ERROR:process_memory_win.cc(73)] ReadMemory at 0xff9fffd000 of 12288 bytes failed: Only part of a ReadProcessMemory or WriteProcessMemory request was completed. (0x12B)
[0117/004647.974:ERROR:process_memory_win.cc(73)] ReadMemory at 0xffa07fd000 of 12288 bytes failed: Only part of a ReadProcessMemory or WriteProcessMemory request was completed. (0x12B)
[0117/004647.974:ERROR:process_memory_win.cc(73)] ReadMemory at 0xffa0ffd000 of 12288 bytes failed: Only part of a ReadProcessMemory or WriteProcessMemory request was completed. (0x12B)
[0117/004647.974:ERROR:process_memory_win.cc(73)] ReadMemory at 0xffa17fd000 of 12288 bytes failed: Only part of a ReadProcessMemory or WriteProcessMemory request was completed. (0x12B)
[0117/004647.974:ERROR:process_memory_win.cc(73)] ReadMemory at 0xffa1ffd000 of 12288 bytes failed: Only part of a ReadProcessMemory or WriteProcessMemory request was completed. (0x12B)
[0117/004647.974:ERROR:process_memory_win.cc(73)] ReadMemory at 0xff99f75000 of 852 bytes failed: Only part of a ReadProcessMemory or WriteProcessMemory request was completed. (0x12B)
[0117/004647.975:ERROR:process_memory_win.cc(73)] ReadMemory at 0xff99f76000 of 6024 bytes failed: Only part of a ReadProcessMemory or WriteProcessMemory request was completed. (0x12B)
[0117/004647.975:ERROR:process_memory_win.cc(73)] ReadMemory at 0xff99f78000 of 6024 bytes failed: Only part of a ReadProcessMemory or WriteProcessMemory request was completed. (0x12B)
[0117/004647.975:ERROR:process_memory_win.cc(73)] ReadMemory at 0xff99f7a000 of 6024 bytes failed: Only part of a ReadProcessMemory or WriteProcessMemory request was completed. (0x12B)
[0117/004647.975:ERROR:process_memory_win.cc(73)] ReadMemory at 0xff99f7c000 of 6024 bytes failed: Only part of a ReadProcessMemory or WriteProcessMemory request was completed. (0x12B)
[0117/004647.975:ERROR:process_memory_win.cc(73)] ReadMemory at 0xff99f7e000 of 6024 bytes failed: Only part of a ReadProcessMemory or WriteProcessMemory request was completed. (0x12B)
[0117/004647.975:ERROR:process_memory_win.cc(73)] ReadMemory at 0xff99f80000 of 6024 bytes failed: Only part of a ReadProcessMemory or WriteProcessMemory request was completed. (0x12B)
[0117/004647.975:ERROR:process_memory_win.cc(73)] ReadMemory at 0xff99f82000 of 6024 bytes failed: Only part of a ReadProcessMemory or WriteProcessMemory request was completed. (0x12B)
[0117/004647.975:ERROR:process_memory_win.cc(73)] ReadMemory at 0xff99f84000 of 6024 bytes failed: Only part of a ReadProcessMemory or WriteProcessMemory request was completed. (0x12B)
[0117/004647.975:ERROR:process_memory_win.cc(73)] ReadMemory at 0xff99f86000 of 6024 bytes failed: Only part of a ReadProcessMemory or WriteProcessMemory request was completed. (0x12B)
[0117/004647.975:ERROR:process_memory_win.cc(73)] ReadMemory at 0xff99f88000 of 6024 bytes failed: Only part of a ReadProcessMemory or WriteProcessMemory request was completed. (0x12B)
[0117/004647.975:ERROR:process_memory_win.cc(73)] ReadMemory at 0xff99f8a000 of 6024 bytes failed: Only part of a ReadProcessMemory or WriteProcessMemory request was completed. (0x12B)
[0117/004647.975:ERROR:process_memory_win.cc(73)] ReadMemory at 0xff99f8c000 of 6024 bytes failed: Only part of a ReadProcessMemory or WriteProcessMemory request was completed. (0x12B)
[0117/004647.975:ERROR:process_memory_win.cc(73)] ReadMemory at 0xff99f8e000 of 6024 bytes failed: Only part of a ReadProcessMemory or WriteProcessMemory request was completed. (0x12B)
[0117/004647.975:ERROR:process_memory_win.cc(73)] ReadMemory at 0xff99f90000 of 6024 bytes failed: Only part of a ReadProcessMemory or WriteProcessMemory request was completed. (0x12B)
[0117/004647.975:ERROR:process_memory_win.cc(73)] ReadMemory at 0xff99f92000 of 6024 bytes failed: Only part of a ReadProcessMemory or WriteProcessMemory request was completed. (0x12B)
[0117/004647.976:ERROR:process_memory_win.cc(73)] ReadMemory at 0xff99f94000 of 6024 bytes failed: Only part of a ReadProcessMemory or WriteProcessMemory request was completed. (0x12B)
[0117/004647.976:ERROR:process_memory_win.cc(73)] ReadMemory at 0x283c4fe0fe0 of 6480 bytes failed: Only part of a ReadProcessMemory or WriteProcessMemory request was completed. (0x12B)
[0117/004647.976:ERROR:process_memory_win.cc(73)] ReadMemory at 0x283c4fe2940 of 1012 bytes failed: Only part of a ReadProcessMemory or WriteProcessMemory request was completed. (0x12B)
[0117/004647.976:ERROR:process_memory_win.cc(73)] ReadMemory at 0x283c4fe2f88 of 118 bytes failed: Only part of a ReadProcessMemory or WriteProcessMemory request was completed. (0x12B)
[0117/004647.976:ERROR:process_memory_win.cc(73)] ReadMemory at 0x283c4fe3000 of 866 bytes failed: Only part of a ReadProcessMemory or WriteProcessMemory request was completed. (0x12B)
[0117/004647.976:ERROR:process_memory_win.cc(73)] ReadMemory at 0x283c4fe3364 of 118 bytes failed: Only part of a ReadProcessMemory or WriteProcessMemory request was completed. (0x12B)
[0117/004647.976:ERROR:process_memory_win.cc(73)] ReadMemory at 0x283c4fe33dc of 98 bytes failed: Only part of a ReadProcessMemory or WriteProcessMemory request was completed. (0x12B)
[0117/004647.976:ERROR:process_memory_win.cc(73)] ReadMemory at 0x283c4fe3450 of 58 bytes failed: Only part of a ReadProcessMemory or WriteProcessMemory request was completed. (0x12B)
[0117/004647.976:ERROR:process_memory_win.cc(73)] ReadMemory at 0x283c4fe3550 of 132 bytes failed: Only part of a ReadProcessMemory or WriteProcessMemory request was completed. (0x12B)
[0117/004647.976:ERROR:process_memory_win.cc(73)] ReadMemory at 0x283c4fe36e0 of 132 bytes failed: Only part of a ReadProcessMemory or WriteProcessMemory request was completed. (0x12B)
[0117/004647.976:ERROR:process_memory_win.cc(73)] ReadMemory at 0x283c4fe38a0 of 126 bytes failed: Only part of a ReadProcessMemory or WriteProcessMemory request was completed. (0x12B)
[0117/004647.976:ERROR:process_memory_win.cc(73)] ReadMemory at 0x283c4fe3c80 of 132 bytes failed: Only part of a ReadProcessMemory or WriteProcessMemory request was completed. (0x12B)
[0117/004647.976:ERROR:process_memory_win.cc(73)] ReadMemory at 0x283c4fe3e10 of 64 bytes failed: Only part of a ReadProcessMemory or WriteProcessMemory request was completed. (0x12B)
[0117/004647.976:ERROR:process_memory_win.cc(73)] ReadMemory at 0x283c4fe3e60 of 132 bytes failed: Only part of a ReadProcessMemory or WriteProcessMemory request was completed. (0x12B)
[0117/004647.976:ERROR:process_memory_win.cc(73)] ReadMemory at 0x283c4fe3fd0 of 132 bytes failed: Only part of a ReadProcessMemory or WriteProcessMemory request was completed. (0x12B)
[0117/004647.976:ERROR:process_memory_win.cc(73)] ReadMemory at 0x283c4fe4270 of 132 bytes failed: Only part of a ReadProcessMemory or WriteProcessMemory request was completed. (0x12B)
[0117/004647.976:ERROR:process_memory_win.cc(73)] ReadMemory at 0x283c4fe4400 of 68 bytes failed: Only part of a ReadProcessMemory or WriteProcessMemory request was completed. (0x12B)
[0117/004647.976:ERROR:process_memory_win.cc(73)] ReadMemory at 0x283c4fe5420 of 158 bytes failed: Only part of a ReadProcessMemory or WriteProcessMemory request was completed. (0x12B)
[0117/004647.976:ERROR:process_memory_win.cc(73)] ReadMemory at 0x283c4fe5500 of 132 bytes failed: Only part of a ReadProcessMemory or WriteProcessMemory request was completed. (0x12B)
[0117/004647.976:ERROR:process_memory_win.cc(73)] ReadMemory at 0x283c4fe5690 of 154 bytes failed: Only part of a ReadProcessMemory or WriteProcessMemory request was completed. (0x12B)
[0117/004647.976:ERROR:process_memory_win.cc(73)] ReadMemory at 0x283c4fe6670 of 132 bytes failed: Only part of a ReadProcessMemory or WriteProcessMemory request was completed. (0x12B)
[0117/004647.977:ERROR:process_memory_win.cc(73)] ReadMemory at 0x283c4fe69d0 of 132 bytes failed: Only part of a ReadProcessMemory or WriteProcessMemory request was completed. (0x12B)
[0117/004647.977:ERROR:process_memory_win.cc(73)] ReadMemory at 0x283c4fe6be0 of 132 bytes failed: Only part of a ReadProcessMemory or WriteProcessMemory request was completed. (0x12B)
[0117/004647.977:ERROR:process_memory_win.cc(73)] ReadMemory at 0x283c4fe7820 of 62 bytes failed: Only part of a ReadProcessMemory or WriteProcessMemory request was completed. (0x12B)
[0117/004647.977:ERROR:process_memory_win.cc(73)] ReadMemory at 0x283c4fe7a10 of 132 bytes failed: Only part of a ReadProcessMemory or WriteProcessMemory request was completed. (0x12B)
[0117/004647.977:ERROR:process_memory_win.cc(73)] ReadMemory at 0x283c4fe7b40 of 60 bytes failed: Only part of a ReadProcessMemory or WriteProcessMemory request was completed. (0x12B)
[0117/004647.977:ERROR:process_memory_win.cc(73)] ReadMemory at 0x283c4fe7ef0 of 132 bytes failed: Only part of a ReadProcessMemory or WriteProcessMemory request was completed. (0x12B)
[0117/004647.977:ERROR:process_memory_win.cc(73)] ReadMemory at 0x283c4fe8020 of 132 bytes failed: Only part of a ReadProcessMemory or WriteProcessMemory request was completed. (0x12B)
[0117/004647.977:ERROR:process_memory_win.cc(73)] ReadMemory at 0x283c4fea870 of 132 bytes failed: Only part of a ReadProcessMemory or WriteProcessMemory request was completed. (0x12B)
[0117/004647.977:ERROR:process_memory_win.cc(73)] ReadMemory at 0x283c4fea9a0 of 132 bytes failed: Only part of a ReadProcessMemory or WriteProcessMemory request was completed. (0x12B)
[0117/004647.977:ERROR:process_memory_win.cc(73)] ReadMemory at 0x283c4feab30 of 80 bytes failed: Only part of a ReadProcessMemory or WriteProcessMemory request was completed. (0x12B)
[0117/004647.977:ERROR:process_memory_win.cc(73)] ReadMemory at 0x283c4feacd0 of 64 bytes failed: Only part of a ReadProcessMemory or WriteProcessMemory request was completed. (0x12B)
[0117/004647.977:ERROR:process_memory_win.cc(73)] ReadMemory at 0x283c4fead20 of 62 bytes failed: Only part of a ReadProcessMemory or WriteProcessMemory request was completed. (0x12B)
[0117/004647.977:ERROR:process_memory_win.cc(73)] ReadMemory at 0x283c4fead70 of 60 bytes failed: Only part of a ReadProcessMemory or WriteProcessMemory request was completed. (0x12B)
[0117/004647.977:ERROR:process_memory_win.cc(73)] ReadMemory at 0x283c4feadc0 of 64 bytes failed: Only part of a ReadProcessMemory or WriteProcessMemory request was completed. (0x12B)
[0117/004647.977:ERROR:process_memory_win.cc(73)] ReadMemory at 0x283c4feaf00 of 62 bytes failed: Only part of a ReadProcessMemory or WriteProcessMemory request was completed. (0x12B)
[0117/004647.977:ERROR:process_memory_win.cc(73)] ReadMemory at 0x283c4feafa0 of 64 bytes failed: Only part of a ReadProcessMemory or WriteProcessMemory request was completed. (0x12B)
[0117/004647.977:ERROR:process_memory_win.cc(73)] ReadMemory at 0x283c4feb040 of 60 bytes failed: Only part of a ReadProcessMemory or WriteProcessMemory request was completed. (0x12B)
[0117/004647.977:ERROR:process_memory_win.cc(73)] ReadMemory at 0x283c4feb0e0 of 66 bytes failed: Only part of a ReadProcessMemory or WriteProcessMemory request was completed. (0x12B)
[0117/004647.977:ERROR:process_memory_win.cc(73)] ReadMemory at 0x283c4feb400 of 64 bytes failed: Only part of a ReadProcessMemory or WriteProcessMemory request was completed. (0x12B)
[0117/004647.977:ERROR:process_memory_win.cc(73)] ReadMemory at 0x283c4febd00 of 76 bytes failed: Only part of a ReadProcessMemory or WriteProcessMemory request was completed. (0x12B)
[0117/004647.977:ERROR:process_memory_win.cc(73)] ReadMemory at 0x283c4fecfc0 of 992 bytes failed: Only part of a ReadProcessMemory or WriteProcessMemory request was completed. (0x12B)
[0117/004647.977:ERROR:process_memory_win.cc(73)] ReadMemory at 0x283c4fee530 of 132 bytes failed: Only part of a ReadProcessMemory or WriteProcessMemory request was completed. (0x12B)
[0117/004647.977:ERROR:process_memory_win.cc(73)] ReadMemory at 0x283c4fee660 of 132 bytes failed: Only part of a ReadProcessMemory or WriteProcessMemory request was completed. (0x12B)
[0117/004647.978:ERROR:process_memory_win.cc(73)] ReadMemory at 0x283c4fee790 of 132 bytes failed: Only part of a ReadProcessMemory or WriteProcessMemory request was completed. (0x12B)
[0117/004647.978:ERROR:process_memory_win.cc(73)] ReadMemory at 0x283c4fee8c0 of 132 bytes failed: Only part of a ReadProcessMemory or WriteProcessMemory request was completed. (0x12B)
[0117/004647.978:ERROR:process_memory_win.cc(73)] ReadMemory at 0x283c4fee9f0 of 132 bytes failed: Only part of a ReadProcessMemory or WriteProcessMemory request was completed. (0x12B)
[0117/004647.978:ERROR:process_memory_win.cc(73)] ReadMemory at 0x283c4feeb20 of 132 bytes failed: Only part of a ReadProcessMemory or WriteProcessMemory request was completed. (0x12B)
[0117/004647.978:ERROR:process_memory_win.cc(73)] ReadMemory at 0x283c4feec50 of 132 bytes failed: Only part of a ReadProcessMemory or WriteProcessMemory request was completed. (0x12B)
[0117/004647.978:ERROR:process_memory_win.cc(73)] ReadMemory at 0x283c4feed80 of 132 bytes failed: Only part of a ReadProcessMemory or WriteProcessMemory request was completed. (0x12B)
[0117/004647.978:ERROR:process_memory_win.cc(73)] ReadMemory at 0x283c4feeeb0 of 132 bytes failed: Only part of a ReadProcessMemory or WriteProcessMemory request was completed. (0x12B)
[0117/004647.978:ERROR:process_memory_win.cc(73)] ReadMemory at 0x283c4feefe0 of 132 bytes failed: Only part of a ReadProcessMemory or WriteProcessMemory request was completed. (0x12B)
[0117/004647.978:ERROR:process_memory_win.cc(73)] ReadMemory at 0x283c4fef110 of 132 bytes failed: Only part of a ReadProcessMemory or WriteProcessMemory request was completed. (0x12B)
[0117/004647.978:ERROR:process_memory_win.cc(73)] ReadMemory at 0x283c4fef240 of 132 bytes failed: Only part of a ReadProcessMemory or WriteProcessMemory request was completed. (0x12B)
[0117/004647.978:ERROR:process_memory_win.cc(73)] ReadMemory at 0x283c4ff2fb0 of 132 bytes failed: Only part of a ReadProcessMemory or WriteProcessMemory request was completed. (0x12B)
[0117/004647.978:ERROR:process_memory_win.cc(73)] ReadMemory at 0x283c4ff3280 of 132 bytes failed: Only part of a ReadProcessMemory or WriteProcessMemory request was completed. (0x12B)
[0117/004647.978:ERROR:process_memory_win.cc(73)] ReadMemory at 0x283c4ff54a0 of 54 bytes failed: Only part of a ReadProcessMemory or WriteProcessMemory request was completed. (0x12B)
[0117/004647.978:ERROR:process_memory_win.cc(73)] ReadMemory at 0x283c4ff6390 of 60 bytes failed: Only part of a ReadProcessMemory or WriteProcessMemory request was completed. (0x12B)
[0117/004647.978:ERROR:process_memory_win.cc(73)] ReadMemory at 0x283c4ff6570 of 62 bytes failed: Only part of a ReadProcessMemory or WriteProcessMemory request was completed. (0x12B)
[0117/004647.978:ERROR:process_memory_win.cc(73)] ReadMemory at 0x283c4ff6610 of 62 bytes failed: Only part of a ReadProcessMemory or WriteProcessMemory request was completed. (0x12B)
[0117/004647.978:ERROR:process_memory_win.cc(73)] ReadMemory at 0x283c4ff67f0 of 62 bytes failed: Only part of a ReadProcessMemory or WriteProcessMemory request was completed. (0x12B)
[0117/004647.978:ERROR:process_memory_win.cc(73)] ReadMemory at 0x283c4ff6980 of 64 bytes failed: Only part of a ReadProcessMemory or WriteProcessMemory request was completed. (0x12B)
[0117/004647.978:ERROR:process_memory_win.cc(73)] ReadMemory at 0x283c4ff69d0 of 60 bytes failed: Only part of a ReadProcessMemory or WriteProcessMemory request was completed. (0x12B)
[0117/004647.978:ERROR:process_memory_win.cc(73)] ReadMemory at 0x283c4ff6a20 of 62 bytes failed: Only part of a ReadProcessMemory or WriteProcessMemory request was completed. (0x12B)
[0117/004647.978:ERROR:process_memory_win.cc(73)] ReadMemory at 0x283c4ff6a70 of 64 bytes failed: Only part of a ReadProcessMemory or WriteProcessMemory request was completed. (0x12B)
[0117/004647.978:ERROR:process_memory_win.cc(73)] ReadMemory at 0x283c4ff6ac0 of 62 bytes failed: Only part of a ReadProcessMemory or WriteProcessMemory request was completed. (0x12B)
[0117/004647.978:ERROR:process_memory_win.cc(73)] ReadMemory at 0x283c4ff6b10 of 62 bytes failed: Only part of a ReadProcessMemory or WriteProcessMemory request was completed. (0x12B)
[0117/004647.979:ERROR:process_memory_win.cc(73)] ReadMemory at 0x283c4ff6b60 of 64 bytes failed: Only part of a ReadProcessMemory or WriteProcessMemory request was completed. (0x12B)
[0117/004647.979:ERROR:process_memory_win.cc(73)] ReadMemory at 0x283c4ff6bb0 of 66 bytes failed: Only part of a ReadProcessMemory or WriteProcessMemory request was completed. (0x12B)
[0117/004647.979:ERROR:process_memory_win.cc(73)] ReadMemory at 0x283c4ff6c00 of 62 bytes failed: Only part of a ReadProcessMemory or WriteProcessMemory request was completed. (0x12B)
[0117/004647.979:ERROR:process_memory_win.cc(73)] ReadMemory at 0x283c4ff6ca0 of 62 bytes failed: Only part of a ReadProcessMemory or WriteProcessMemory request was completed. (0x12B)
[0117/004647.979:ERROR:process_memory_win.cc(73)] ReadMemory at 0x283c4ff6cf0 of 60 bytes failed: Only part of a ReadProcessMemory or WriteProcessMemory request was completed. (0x12B)
[0117/004647.979:ERROR:process_memory_win.cc(73)] ReadMemory at 0x283c4ff6d90 of 64 bytes failed: Only part of a ReadProcessMemory or WriteProcessMemory request was completed. (0x12B)
[0117/004647.979:ERROR:process_memory_win.cc(73)] ReadMemory at 0x283c4ff6e80 of 58 bytes failed: Only part of a ReadProcessMemory or WriteProcessMemory request was completed. (0x12B)
[0117/004647.979:ERROR:process_memory_win.cc(73)] ReadMemory at 0x283c4ff6f20 of 60 bytes failed: Only part of a ReadProcessMemory or WriteProcessMemory request was completed. (0x12B)
[0117/004647.979:ERROR:process_memory_win.cc(73)] ReadMemory at 0x283c4ff85c0 of 132 bytes failed: Only part of a ReadProcessMemory or WriteProcessMemory request was completed. (0x12B)
[0117/004647.979:ERROR:process_memory_win.cc(73)] ReadMemory at 0x283c4ff86f0 of 132 bytes failed: Only part of a ReadProcessMemory or WriteProcessMemory request was completed. (0x12B)
[0117/004647.979:ERROR:process_memory_win.cc(73)] ReadMemory at 0x283c4ff8a80 of 132 bytes failed: Only part of a ReadProcessMemory or WriteProcessMemory request was completed. (0x12B)
[0117/004647.979:ERROR:process_memory_win.cc(73)] ReadMemory at 0x283c4ff8ce0 of 132 bytes failed: Only part of a ReadProcessMemory or WriteProcessMemory request was completed. (0x12B)
[0117/004647.979:ERROR:process_memory_win.cc(73)] ReadMemory at 0x283c4ff8f40 of 132 bytes failed: Only part of a ReadProcessMemory or WriteProcessMemory request was completed. (0x12B)
[0117/004647.979:ERROR:process_memory_win.cc(73)] ReadMemory at 0x283c4ff9530 of 132 bytes failed: Only part of a ReadProcessMemory or WriteProcessMemory request was completed. (0x12B)
[0117/004647.979:ERROR:process_memory_win.cc(73)] ReadMemory at 0x283c4ff9790 of 132 bytes failed: Only part of a ReadProcessMemory or WriteProcessMemory request was completed. (0x12B)
[0117/004647.979:ERROR:process_memory_win.cc(73)] ReadMemory at 0x283c4ff98c0 of 132 bytes failed: Only part of a ReadProcessMemory or WriteProcessMemory request was completed. (0x12B)
[0117/004647.979:ERROR:process_memory_win.cc(73)] ReadMemory at 0x283c4ff9b20 of 132 bytes failed: Only part of a ReadProcessMemory or WriteProcessMemory request was completed. (0x12B)
[0117/004647.979:ERROR:process_memory_win.cc(73)] ReadMemory at 0x283c5223f40 of 512 bytes failed: Only part of a ReadProcessMemory or WriteProcessMemory request was completed. (0x12B)
[0117/004647.979:ERROR:process_memory_win.cc(73)] ReadMemory at 0x283c5315974 of 512 bytes failed: Only part of a ReadProcessMemory or WriteProcessMemory request was completed. (0x12B)
[0117/004647.979:ERROR:process_memory_win.cc(73)] ReadMemory at 0x283c5355510 of 512 bytes failed: Only part of a ReadProcessMemory or WriteProcessMemory request was completed. (0x12B)
[0117/004647.979:ERROR:process_memory_win.cc(73)] ReadMemory at 0x283c53559f0 of 512 bytes failed: Only part of a ReadProcessMemory or WriteProcessMemory request was completed. (0x12B)
[0117/004647.979:ERROR:process_memory_win.cc(73)] ReadMemory at 0x283c535c310 of 512 bytes failed: Only part of a ReadProcessMemory or WriteProcessMemory request was completed. (0x12B)
[0117/004647.980:ERROR:process_memory_win.cc(73)] ReadMemory at 0x283c535f8b0 of 512 bytes failed: Only part of a ReadProcessMemory or WriteProcessMemory request was completed. (0x12B)
[0117/004647.980:ERROR:process_memory_win.cc(73)] ReadMemory at 0x283c5361a30 of 512 bytes failed: Only part of a ReadProcessMemory or WriteProcessMemory request was completed. (0x12B)
[0117/004647.980:ERROR:process_memory_win.cc(73)] ReadMemory at 0x283c536d480 of 512 bytes failed: Only part of a ReadProcessMemory or WriteProcessMemory request was completed. (0x12B)
[0117/004647.980:ERROR:process_memory_win.cc(73)] ReadMemory at 0x283c53875e0 of 712 bytes failed: Only part of a ReadProcessMemory or WriteProcessMemory request was completed. (0x12B)
[0117/004647.980:ERROR:process_memory_win.cc(73)] ReadMemory at 0x283c753ef00 of 512 bytes failed: Only part of a ReadProcessMemory or WriteProcessMemory request was completed. (0x12B)
[0117/004647.980:ERROR:process_memory_win.cc(73)] ReadMemory at 0x283c754b2b0 of 512 bytes failed: Only part of a ReadProcessMemory or WriteProcessMemory request was completed. (0x12B)
[0117/004647.980:ERROR:process_memory_win.cc(73)] ReadMemory at 0x283c75626b8 of 512 bytes failed: Only part of a ReadProcessMemory or WriteProcessMemory request was completed. (0x12B)
[0117/004647.980:ERROR:process_memory_win.cc(73)] ReadMemory at 0x283c7562a18 of 512 bytes failed: Only part of a ReadProcessMemory or WriteProcessMemory request was completed. (0x12B)
[0117/004647.980:ERROR:process_memory_win.cc(73)] ReadMemory at 0x283c7562e08 of 512 bytes failed: Only part of a ReadProcessMemory or WriteProcessMemory request was completed. (0x12B)
[0117/004647.980:ERROR:process_memory_win.cc(73)] ReadMemory at 0x283c7563798 of 656 bytes failed: Only part of a ReadProcessMemory or WriteProcessMemory request was completed. (0x12B)
[0117/004647.980:ERROR:process_memory_win.cc(73)] ReadMemory at 0x283c7574f50 of 512 bytes failed: Only part of a ReadProcessMemory or WriteProcessMemory request was completed. (0x12B)
[0117/004647.980:ERROR:process_memory_win.cc(73)] ReadMemory at 0x283c7578f50 of 512 bytes failed: Only part of a ReadProcessMemory or WriteProcessMemory request was completed. (0x12B)
[0117/004647.980:ERROR:process_memory_win.cc(73)] ReadMemory at 0x283c79bff80 of 512 bytes failed: Only part of a ReadProcessMemory or WriteProcessMemory request was completed. (0x12B)
[0117/004647.980:ERROR:process_memory_win.cc(73)] ReadMemory at 0x283c7a68bc0 of 512 bytes failed: Only part of a ReadProcessMemory or WriteProcessMemory request was completed. (0x12B)
[0117/004647.980:ERROR:process_memory_win.cc(73)] ReadMemory at 0xef03ea49440 of 512 bytes failed: Only part of a ReadProcessMemory or WriteProcessMemory request was completed. (0x12B)
[0117/004647.980:ERROR:process_memory_win.cc(73)] ReadMemory at 0x7ff95a35f830 of 512 bytes failed: Only part of a ReadProcessMemory or WriteProcessMemory request was completed. (0x12B)
[0117/004647.980:ERROR:process_memory_win.cc(73)] ReadMemory at 0x7ff95b31ef1c of 512 bytes failed: Only part of a ReadProcessMemory or WriteProcessMemory request was completed. (0x12B)
[0117/004647.980:ERROR:process_memory_win.cc(73)] ReadMemory at 0x7ff95c10ed41 of 512 bytes failed: Only part of a ReadProcessMemory or WriteProcessMemory request was completed. (0x12B)
[0117/004647.980:ERROR:process_memory_win.cc(73)] ReadMemory at 0x7ff95eba7650 of 512 bytes failed: Only part of a ReadProcessMemory or WriteProcessMemory request was completed. (0x12B)
[0117/004647.980:ERROR:process_memory_win.cc(73)] ReadMemory at 0x7ff9ab35c0c4 of 672 bytes failed: Only part of a ReadProcessMemory or WriteProcessMemory request was completed. (0x12B)
[0117/004647.980:ERROR:process_memory_win.cc(73)] ReadMemory at 0x7ff9ab35c6c4 of 512 bytes failed: Only part of a ReadProcessMemory or WriteProcessMemory request was completed. (0x12B)
[0117/004647.981:ERROR:process_memory_win.cc(73)] ReadMemory at 0x7ff9ab35f974 of 608 bytes failed: Only part of a ReadProcessMemory or WriteProcessMemory request was completed. (0x12B)
[0117/004647.981:ERROR:process_memory_win.cc(73)] ReadMemory at 0x7ff9ab3e10f0 of 512 bytes failed: Only part of a ReadProcessMemory or WriteProcessMemory request was completed. (0x12B)
[0117/004647.981:ERROR:process_memory_win.cc(73)] ReadMemory at 0x7ff9ab3ec428 of 18 bytes failed: Only part of a ReadProcessMemory or WriteProcessMemory request was completed. (0x12B)
[0117/004647.981:ERROR:process_memory_win.cc(73)] ReadMemory at 0x7ff9ab41f4f8 of 40 bytes failed: Only part of a ReadProcessMemory or WriteProcessMemory request was completed. (0x12B)
[0117/004647.981:ERROR:process_memory_win.cc(73)] ReadMemory at 0x7ff9ab41f978 of 48 bytes failed: Only part of a ReadProcessMemory or WriteProcessMemory request was completed. (0x12B)
[0117/004647.981:ERROR:process_memory_win.cc(73)] ReadMemory at 0x7ff9ab4253c0 of 64 bytes failed: Only part of a ReadProcessMemory or WriteProcessMemory request was completed. (0x12B)
[0117/004647.982:ERROR:scoped_process_suspend.cc(40)] NtResumeProcess: An attempt was made to access an exiting process. (0xc000010a)
